Mplus VERSION 7.2
MUTHEN & MUTHEN
03/26/2018   1:27 PM

INPUT INSTRUCTIONS

  TITLE: Round 2 Calibration Model
  DATA: FILE = "c:/users/mgiordan/desktop/testing/calibration.dat";
  VARIABLE:
  NAMES = ID BIN_1 BIN_2 BIN_3 BIN_4 BIN_5 BIN_6 BIN_7 BIN_8 BIN_9 BIN_10 BIN_11
       BIN_12 AGE GENDER STUDY;
  MISSING=.;
  !
  !
  !
  USEVARIABLES= BIN_1 AGE STUDY BIN_2 GENDER BIN_3 BIN_4 BIN_5 BIN_6 BIN_7 BIN_8 BIN_9
   BIN_10 BIN_11 BIN_12;
  ! ;
  CATEGORICAL= BIN_1 BIN_2 BIN_3 BIN_4 BIN_5 BIN_6 BIN_7 BIN_8 BIN_9 BIN_10 BIN_11 BIN_12 ;
  !
  CONSTRAINT= AGE ;
  ANALYSIS: ESTIMATOR=ML;ALGORITHM=INTEGRATION;INTEGRATION=MONTECARLO;PROCESSORS=4;
  MODEL: [ETA@0];ETA*(veta);
  ETA BY BIN_1*(l_1);
  ETA BY BIN_2*(l_2);
  ETA BY BIN_3*(l_3);
  ETA BY BIN_4*(l_4);
  ETA BY BIN_5*(l_5);
  ETA BY BIN_6*(l_6);
  ETA BY BIN_7*(l_7);
  ETA BY BIN_8*(l_8);
  ETA BY BIN_9*(l_9);
  ETA BY BIN_10*(l_10);
  ETA BY BIN_11*(l_11);
  ETA BY BIN_12*(l_12);
  ETA ON AGE;
  BIN_1 on AGE STUDY;
  BIN_2 on AGE GENDER STUDY;
  BIN_3 on GENDER STUDY;
  BIN_4 on AGE;
  BIN_5 on GENDER STUDY;
  !
  !
  BIN_8 on AGE GENDER;
  !
  !
  BIN_11 on AGE;
  !
  MODEL CONSTRAINT: new( v1*0
  !
  !
  !
  !
  !
  !
  !
  !
  !
  !
  !
  !
  );
  !;
  !;
  !;
  !;
  !;
  !;
  !;
  !;
  !;
  !;
  !;
  !;
  veta=1*exp( v1*AGE+ 0);
  OUTPUT: tech1;



INPUT READING TERMINATED NORMALLY



Round 2 Calibration Model

SUMMARY OF ANALYSIS

Number of groups                                                 1
Number of observations                                         500

Number of dependent variables                                   12
Number of independent variables                                  3
Number of continuous latent variables                            1

Observed dependent variables

  Binary and ordered categorical (ordinal)
   BIN_1       BIN_2       BIN_3       BIN_4       BIN_5       BIN_6
   BIN_7       BIN_8       BIN_9       BIN_10      BIN_11      BIN_12

Observed independent variables
   AGE         STUDY       GENDER

Continuous latent variables
   ETA


Estimator                                                       ML
Information matrix                                        OBSERVED
Optimization Specifications for the Quasi-Newton Algorithm for
Continuous Outcomes
  Maximum number of iterations                                 100
  Convergence criterion                                  0.100D-05
Optimization Specifications for the EM Algorithm
  Maximum number of iterations                                 500
  Convergence criteria
    Loglikelihood change                                 0.100D-02
    Relative loglikelihood change                        0.100D-05
    Derivative                                           0.100D-02
Optimization Specifications for the M step of the EM Algorithm for
Categorical Latent variables
  Number of M step iterations                                    1
  M step convergence criterion                           0.100D-02
  Basis for M step termination                           ITERATION
Optimization Specifications for the M step of the EM Algorithm for
Censored, Binary or Ordered Categorical (Ordinal), Unordered
Categorical (Nominal) and Count Outcomes
  Number of M step iterations                                    1
  M step convergence criterion                           0.100D-02
  Basis for M step termination                           ITERATION
  Maximum value for logit thresholds                            15
  Minimum value for logit thresholds                           -15
  Minimum expected cell size for chi-square              0.100D-01
Maximum number of iterations for H1                           2000
Convergence criterion for H1                             0.100D-03
Optimization algorithm                                         EMA
Integration Specifications
  Type                                                  MONTECARLO
  Number of integration points                                 100
  Dimensions of numerical integration                            1
  Adaptive quadrature                                           ON
  Monte Carlo integration seed                                   0
Link                                                         LOGIT
Cholesky                                                        ON

Input data file(s)
  c:/users/mgiordan/desktop/testing/calibration.dat
Input data format  FREE


SUMMARY OF DATA

     Number of missing data patterns             1


COVARIANCE COVERAGE OF DATA

Minimum covariance coverage value   0.100


UNIVARIATE PROPORTIONS AND COUNTS FOR CATEGORICAL VARIABLES

    BIN_1
      Category 1    0.634      317.000
      Category 2    0.366      183.000
    BIN_2
      Category 1    0.670      335.000
      Category 2    0.330      165.000
    BIN_3
      Category 1    0.638      319.000
      Category 2    0.362      181.000
    BIN_4
      Category 1    0.738      369.000
      Category 2    0.262      131.000
    BIN_5
      Category 1    0.740      370.000
      Category 2    0.260      130.000
    BIN_6
      Category 1    0.810      405.000
      Category 2    0.190       95.000
    BIN_7
      Category 1    0.588      294.000
      Category 2    0.412      206.000
    BIN_8
      Category 1    0.678      339.000
      Category 2    0.322      161.000
    BIN_9
      Category 1    0.698      349.000
      Category 2    0.302      151.000
    BIN_10
      Category 1    0.726      363.000
      Category 2    0.274      137.000
    BIN_11
      Category 1    0.758      379.000
      Category 2    0.242      121.000
    BIN_12
      Category 1    0.790      395.000
      Category 2    0.210      105.000



THE MODEL ESTIMATION TERMINATED NORMALLY



MODEL FIT INFORMATION

Number of Free Parameters                       39

Loglikelihood

          H0 Value                       -2782.401

Information Criteria

          Akaike (AIC)                    5642.801
          Bayesian (BIC)                  5807.171
          Sample-Size Adjusted BIC        5683.383
            (n* = (n + 2) / 24)



MODEL RESULTS

                                                    Two-Tailed
                    Estimate       S.E.  Est./S.E.    P-Value

 ETA      BY
    BIN_1              0.772      0.144      5.376      0.000
    BIN_2              1.422      0.207      6.873      0.000
    BIN_3              1.379      0.207      6.653      0.000
    BIN_4              2.109      0.277      7.605      0.000
    BIN_5              2.144      0.289      7.418      0.000
    BIN_6              2.334      0.314      7.432      0.000
    BIN_7              0.844      0.128      6.595      0.000
    BIN_8              1.254      0.174      7.208      0.000
    BIN_9              1.484      0.187      7.959      0.000
    BIN_10             1.772      0.221      8.006      0.000
    BIN_11             2.077      0.276      7.522      0.000
    BIN_12             2.501      0.339      7.368      0.000

 ETA        ON
    AGE                0.197      0.046      4.295      0.000

 BIN_1      ON
    AGE                0.225      0.092      2.445      0.014
    STUDY              0.378      0.129      2.932      0.003

 BIN_2      ON
    AGE                0.199      0.118      1.685      0.092
    GENDER            -1.015      0.156     -6.520      0.000
    STUDY              1.189      0.187      6.372      0.000

 BIN_3      ON
    GENDER             1.059      0.161      6.589      0.000
    STUDY              1.643      0.182      9.006      0.000

 BIN_4      ON
    AGE                0.185      0.106      1.738      0.082

 BIN_5      ON
    GENDER            -1.270      0.202     -6.273      0.000
    STUDY              1.648      0.227      7.250      0.000

 BIN_8      ON
    AGE                0.108      0.085      1.273      0.203
    GENDER             0.286      0.118      2.426      0.015

 BIN_11     ON
    AGE                0.162      0.107      1.515      0.130

 Intercepts
    ETA                0.000      0.000    999.000    999.000

 Thresholds
    BIN_1$1            0.554      0.112      4.937      0.000
    BIN_2$1            1.012      0.157      6.463      0.000
    BIN_3$1            1.307      0.193      6.770      0.000
    BIN_4$1            1.651      0.214      7.701      0.000
    BIN_5$1            2.090      0.258      8.109      0.000
    BIN_6$1            2.529      0.289      8.752      0.000
    BIN_7$1            0.370      0.106      3.474      0.001
    BIN_8$1            0.916      0.137      6.682      0.000
    BIN_9$1            1.112      0.149      7.446      0.000
    BIN_10$1           1.423      0.177      8.039      0.000
    BIN_11$1           1.823      0.224      8.131      0.000
    BIN_12$1           2.419      0.294      8.233      0.000

 Residual Variances
    ETA              999.000      0.000    999.000    999.000

New/Additional Parameters
    V1                 0.095      0.076      1.250      0.211


LOGISTIC REGRESSION ODDS RATIO RESULTS

 BIN_1      ON
    AGE                1.253
    STUDY              1.459

 BIN_2      ON
    AGE                1.220
    GENDER             0.363
    STUDY              3.283

 BIN_3      ON
    GENDER             2.883
    STUDY              5.169

 BIN_4      ON
    AGE                1.203

 BIN_5      ON
    GENDER             0.281
    STUDY              5.196

 BIN_8      ON
    AGE                1.115
    GENDER             1.330

 BIN_11     ON
    AGE                1.175


QUALITY OF NUMERICAL RESULTS

     Condition Number for the Information Matrix              0.100E-02
       (ratio of smallest to largest eigenvalue)


TECHNICAL 1 OUTPUT


     PARAMETER SPECIFICATION


           TAU
              BIN_1$1       BIN_2$1       BIN_3$1       BIN_4$1       BIN_5$1
              ________      ________      ________      ________      ________
 1                 28            29            30            31            32


           TAU
              BIN_6$1       BIN_7$1       BIN_8$1       BIN_9$1       BIN_10$1
              ________      ________      ________      ________      ________
 1                 33            34            35            36            37


           TAU
              BIN_11$1      BIN_12$1
              ________      ________
 1                 38            39


           NU
              BIN_1         BIN_2         BIN_3         BIN_4         BIN_5
              ________      ________      ________      ________      ________
 1                  0             0             0             0             0


           NU
              BIN_6         BIN_7         BIN_8         BIN_9         BIN_10
              ________      ________      ________      ________      ________
 1                  0             0             0             0             0


           NU
              BIN_11        BIN_12        AGE           STUDY         GENDER
              ________      ________      ________      ________      ________
 1                  0             0             0             0             0


           LAMBDA
              ETA           BIN_1         BIN_2         BIN_3         BIN_4
              ________      ________      ________      ________      ________
 BIN_1              0             0             0             0             0
 BIN_2              0             0             0             0             0
 BIN_3              0             0             0             0             0
 BIN_4              0             0             0             0             0
 BIN_5              0             0             0             0             0
 BIN_6              1             0             0             0             0
 BIN_7              2             0             0             0             0
 BIN_8              0             0             0             0             0
 BIN_9              3             0             0             0             0
 BIN_10             4             0             0             0             0
 BIN_11             0             0             0             0             0
 BIN_12             5             0             0             0             0
 AGE                0             0             0             0             0
 STUDY              0             0             0             0             0
 GENDER             0             0             0             0             0


           LAMBDA
              BIN_5         BIN_8         BIN_11        AGE           STUDY
              ________      ________      ________      ________      ________
 BIN_1              0             0             0             0             0
 BIN_2              0             0             0             0             0
 BIN_3              0             0             0             0             0
 BIN_4              0             0             0             0             0
 BIN_5              0             0             0             0             0
 BIN_6              0             0             0             0             0
 BIN_7              0             0             0             0             0
 BIN_8              0             0             0             0             0
 BIN_9              0             0             0             0             0
 BIN_10             0             0             0             0             0
 BIN_11             0             0             0             0             0
 BIN_12             0             0             0             0             0
 AGE                0             0             0             0             0
 STUDY              0             0             0             0             0
 GENDER             0             0             0             0             0


           LAMBDA
              GENDER
              ________
 BIN_1              0
 BIN_2              0
 BIN_3              0
 BIN_4              0
 BIN_5              0
 BIN_6              0
 BIN_7              0
 BIN_8              0
 BIN_9              0
 BIN_10             0
 BIN_11             0
 BIN_12             0
 AGE                0
 STUDY              0
 GENDER             0


           THETA
              BIN_1         BIN_2         BIN_3         BIN_4         BIN_5
              ________      ________      ________      ________      ________
 BIN_1              0
 BIN_2              0             0
 BIN_3              0             0             0
 BIN_4              0             0             0             0
 BIN_5              0             0             0             0             0
 BIN_6              0             0             0             0             0
 BIN_7              0             0             0             0             0
 BIN_8              0             0             0             0             0
 BIN_9              0             0             0             0             0
 BIN_10             0             0             0             0             0
 BIN_11             0             0             0             0             0
 BIN_12             0             0             0             0             0
 AGE                0             0             0             0             0
 STUDY              0             0             0             0             0
 GENDER             0             0             0             0             0


           THETA
              BIN_6         BIN_7         BIN_8         BIN_9         BIN_10
              ________      ________      ________      ________      ________
 BIN_6              0
 BIN_7              0             0
 BIN_8              0             0             0
 BIN_9              0             0             0             0
 BIN_10             0             0             0             0             0
 BIN_11             0             0             0             0             0
 BIN_12             0             0             0             0             0
 AGE                0             0             0             0             0
 STUDY              0             0             0             0             0
 GENDER             0             0             0             0             0


           THETA
              BIN_11        BIN_12        AGE           STUDY         GENDER
              ________      ________      ________      ________      ________
 BIN_11             0
 BIN_12             0             0
 AGE                0             0             0
 STUDY              0             0             0             0
 GENDER             0             0             0             0             0


           ALPHA
              ETA           BIN_1         BIN_2         BIN_3         BIN_4
              ________      ________      ________      ________      ________
 1                  0             0             0             0             0


           ALPHA
              BIN_5         BIN_8         BIN_11        AGE           STUDY
              ________      ________      ________      ________      ________
 1                  0             0             0             0             0


           ALPHA
              GENDER
              ________
 1                  0


           BETA
              ETA           BIN_1         BIN_2         BIN_3         BIN_4
              ________      ________      ________      ________      ________
 ETA                0             0             0             0             0
 BIN_1              7             0             0             0             0
 BIN_2             10             0             0             0             0
 BIN_3             14             0             0             0             0
 BIN_4             17             0             0             0             0
 BIN_5             19             0             0             0             0
 BIN_8             22             0             0             0             0
 BIN_11            25             0             0             0             0
 AGE                0             0             0             0             0
 STUDY              0             0             0             0             0
 GENDER             0             0             0             0             0


           BETA
              BIN_5         BIN_8         BIN_11        AGE           STUDY
              ________      ________      ________      ________      ________
 ETA                0             0             0             6             0
 BIN_1              0             0             0             8             9
 BIN_2              0             0             0            11            12
 BIN_3              0             0             0             0            15
 BIN_4              0             0             0            18             0
 BIN_5              0             0             0             0            20
 BIN_8              0             0             0            23             0
 BIN_11             0             0             0            26             0
 AGE                0             0             0             0             0
 STUDY              0             0             0             0             0
 GENDER             0             0             0             0             0


           BETA
              GENDER
              ________
 ETA                0
 BIN_1              0
 BIN_2             13
 BIN_3             16
 BIN_4              0
 BIN_5             21
 BIN_8             24
 BIN_11             0
 AGE                0
 STUDY              0
 GENDER             0


           PSI
              ETA           BIN_1         BIN_2         BIN_3         BIN_4
              ________      ________      ________      ________      ________
 ETA               27
 BIN_1              0             0
 BIN_2              0             0             0
 BIN_3              0             0             0             0
 BIN_4              0             0             0             0             0
 BIN_5              0             0             0             0             0
 BIN_8              0             0             0             0             0
 BIN_11             0             0             0             0             0
 AGE                0             0             0             0             0
 STUDY              0             0             0             0             0
 GENDER             0             0             0             0             0


           PSI
              BIN_5         BIN_8         BIN_11        AGE           STUDY
              ________      ________      ________      ________      ________
 BIN_5              0
 BIN_8              0             0
 BIN_11             0             0             0
 AGE                0             0             0             0
 STUDY              0             0             0             0             0
 GENDER             0             0             0             0             0


           PSI
              GENDER
              ________
 GENDER             0


     PARAMETER SPECIFICATION FOR THE ADDITIONAL PARAMETERS


           NEW/ADDITIONAL PARAMETERS
              V1
              ________
 1                 40


     STARTING VALUES


           TAU
              BIN_1$1       BIN_2$1       BIN_3$1       BIN_4$1       BIN_5$1
              ________      ________      ________      ________      ________
 1              0.549         0.708         0.567         1.036         1.046


           TAU
              BIN_6$1       BIN_7$1       BIN_8$1       BIN_9$1       BIN_10$1
              ________      ________      ________      ________      ________
 1              1.450         0.356         0.745         0.838         0.974


           TAU
              BIN_11$1      BIN_12$1
              ________      ________
 1              1.142         1.325


           NU
              BIN_1         BIN_2         BIN_3         BIN_4         BIN_5
              ________      ________      ________      ________      ________
 1              0.000         0.000         0.000         0.000         0.000


           NU
              BIN_6         BIN_7         BIN_8         BIN_9         BIN_10
              ________      ________      ________      ________      ________
 1              0.000         0.000         0.000         0.000         0.000


           NU
              BIN_11        BIN_12        AGE           STUDY         GENDER
              ________      ________      ________      ________      ________
 1              0.000         0.000         0.000         0.000         0.000


           LAMBDA
              ETA           BIN_1         BIN_2         BIN_3         BIN_4
              ________      ________      ________      ________      ________
 BIN_1          0.000         1.000         0.000         0.000         0.000
 BIN_2          0.000         0.000         1.000         0.000         0.000
 BIN_3          0.000         0.000         0.000         1.000         0.000
 BIN_4          0.000         0.000         0.000         0.000         1.000
 BIN_5          0.000         0.000         0.000         0.000         0.000
 BIN_6          1.000         0.000         0.000         0.000         0.000
 BIN_7          1.000         0.000         0.000         0.000         0.000
 BIN_8          0.000         0.000         0.000         0.000         0.000
 BIN_9          1.000         0.000         0.000         0.000         0.000
 BIN_10         1.000         0.000         0.000         0.000         0.000
 BIN_11         0.000         0.000         0.000         0.000         0.000
 BIN_12         1.000         0.000         0.000         0.000         0.000
 AGE            0.000         0.000         0.000         0.000         0.000
 STUDY          0.000         0.000         0.000         0.000         0.000
 GENDER         0.000         0.000         0.000         0.000         0.000


           LAMBDA
              BIN_5         BIN_8         BIN_11        AGE           STUDY
              ________      ________      ________      ________      ________
 BIN_1          0.000         0.000         0.000         0.000         0.000
 BIN_2          0.000         0.000         0.000         0.000         0.000
 BIN_3          0.000         0.000         0.000         0.000         0.000
 BIN_4          0.000         0.000         0.000         0.000         0.000
 BIN_5          1.000         0.000         0.000         0.000         0.000
 BIN_6          0.000         0.000         0.000         0.000         0.000
 BIN_7          0.000         0.000         0.000         0.000         0.000
 BIN_8          0.000         1.000         0.000         0.000         0.000
 BIN_9          0.000         0.000         0.000         0.000         0.000
 BIN_10         0.000         0.000         0.000         0.000         0.000
 BIN_11         0.000         0.000         1.000         0.000         0.000
 BIN_12         0.000         0.000         0.000         0.000         0.000
 AGE            0.000         0.000         0.000         1.000         0.000
 STUDY          0.000         0.000         0.000         0.000         1.000
 GENDER         0.000         0.000         0.000         0.000         0.000


           LAMBDA
              GENDER
              ________
 BIN_1          0.000
 BIN_2          0.000
 BIN_3          0.000
 BIN_4          0.000
 BIN_5          0.000
 BIN_6          0.000
 BIN_7          0.000
 BIN_8          0.000
 BIN_9          0.000
 BIN_10         0.000
 BIN_11         0.000
 BIN_12         0.000
 AGE            0.000
 STUDY          0.000
 GENDER         1.000


           THETA
              BIN_1         BIN_2         BIN_3         BIN_4         BIN_5
              ________      ________      ________      ________      ________
 BIN_1          0.000
 BIN_2          0.000         0.000
 BIN_3          0.000         0.000         0.000
 BIN_4          0.000         0.000         0.000         0.000
 BIN_5          0.000         0.000         0.000         0.000         0.000
 BIN_6          0.000         0.000         0.000         0.000         0.000
 BIN_7          0.000         0.000         0.000         0.000         0.000
 BIN_8          0.000         0.000         0.000         0.000         0.000
 BIN_9          0.000         0.000         0.000         0.000         0.000
 BIN_10         0.000         0.000         0.000         0.000         0.000
 BIN_11         0.000         0.000         0.000         0.000         0.000
 BIN_12         0.000         0.000         0.000         0.000         0.000
 AGE            0.000         0.000         0.000         0.000         0.000
 STUDY          0.000         0.000         0.000         0.000         0.000
 GENDER         0.000         0.000         0.000         0.000         0.000


           THETA
              BIN_6         BIN_7         BIN_8         BIN_9         BIN_10
              ________      ________      ________      ________      ________
 BIN_6          1.000
 BIN_7          0.000         1.000
 BIN_8          0.000         0.000         0.000
 BIN_9          0.000         0.000         0.000         1.000
 BIN_10         0.000         0.000         0.000         0.000         1.000
 BIN_11         0.000         0.000         0.000         0.000         0.000
 BIN_12         0.000         0.000         0.000         0.000         0.000
 AGE            0.000         0.000         0.000         0.000         0.000
 STUDY          0.000         0.000         0.000         0.000         0.000
 GENDER         0.000         0.000         0.000         0.000         0.000


           THETA
              BIN_11        BIN_12        AGE           STUDY         GENDER
              ________      ________      ________      ________      ________
 BIN_11         0.000
 BIN_12         0.000         1.000
 AGE            0.000         0.000         0.000
 STUDY          0.000         0.000         0.000         0.000
 GENDER         0.000         0.000         0.000         0.000         0.000


           ALPHA
              ETA           BIN_1         BIN_2         BIN_3         BIN_4
              ________      ________      ________      ________      ________
 1              0.000         0.000         0.000         0.000         0.000


           ALPHA
              BIN_5         BIN_8         BIN_11        AGE           STUDY
              ________      ________      ________      ________      ________
 1              0.000         0.000         0.000         0.000         0.000


           ALPHA
              GENDER
              ________
 1              0.000


           BETA
              ETA           BIN_1         BIN_2         BIN_3         BIN_4
              ________      ________      ________      ________      ________
 ETA            0.000         0.000         0.000         0.000         0.000
 BIN_1          1.000         0.000         0.000         0.000         0.000
 BIN_2          1.000         0.000         0.000         0.000         0.000
 BIN_3          1.000         0.000         0.000         0.000         0.000
 BIN_4          1.000         0.000         0.000         0.000         0.000
 BIN_5          1.000         0.000         0.000         0.000         0.000
 BIN_8          1.000         0.000         0.000         0.000         0.000
 BIN_11         1.000         0.000         0.000         0.000         0.000
 AGE            0.000         0.000         0.000         0.000         0.000
 STUDY          0.000         0.000         0.000         0.000         0.000
 GENDER         0.000         0.000         0.000         0.000         0.000


           BETA
              BIN_5         BIN_8         BIN_11        AGE           STUDY
              ________      ________      ________      ________      ________
 ETA            0.000         0.000         0.000         0.000         0.000
 BIN_1          0.000         0.000         0.000         0.000         0.000
 BIN_2          0.000         0.000         0.000         0.000         0.000
 BIN_3          0.000         0.000         0.000         0.000         0.000
 BIN_4          0.000         0.000         0.000         0.000         0.000
 BIN_5          0.000         0.000         0.000         0.000         0.000
 BIN_8          0.000         0.000         0.000         0.000         0.000
 BIN_11         0.000         0.000         0.000         0.000         0.000
 AGE            0.000         0.000         0.000         0.000         0.000
 STUDY          0.000         0.000         0.000         0.000         0.000
 GENDER         0.000         0.000         0.000         0.000         0.000


           BETA
              GENDER
              ________
 ETA            0.000
 BIN_1          0.000
 BIN_2          0.000
 BIN_3          0.000
 BIN_4          0.000
 BIN_5          0.000
 BIN_8          0.000
 BIN_11         0.000
 AGE            0.000
 STUDY          0.000
 GENDER         0.000


           PSI
              ETA           BIN_1         BIN_2         BIN_3         BIN_4
              ________      ________      ________      ________      ________
 ETA            0.050
 BIN_1          0.000         1.000
 BIN_2          0.000         0.000         1.000
 BIN_3          0.000         0.000         0.000         1.000
 BIN_4          0.000         0.000         0.000         0.000         1.000
 BIN_5          0.000         0.000         0.000         0.000         0.000
 BIN_8          0.000         0.000         0.000         0.000         0.000
 BIN_11         0.000         0.000         0.000         0.000         0.000
 AGE            0.000         0.000         0.000         0.000         0.000
 STUDY          0.000         0.000         0.000         0.000         0.000
 GENDER         0.000         0.000         0.000         0.000         0.000


           PSI
              BIN_5         BIN_8         BIN_11        AGE           STUDY
              ________      ________      ________      ________      ________
 BIN_5          1.000
 BIN_8          0.000         1.000
 BIN_11         0.000         0.000         1.000
 AGE            0.000         0.000         0.000         1.091
 STUDY          0.000         0.000         0.000         0.000         0.500
 GENDER         0.000         0.000         0.000         0.000         0.000


           PSI
              GENDER
              ________
 GENDER         0.500


     STARTING VALUES FOR THE ADDITIONAL PARAMETERS


           NEW/ADDITIONAL PARAMETERS
              V1
              ________
 1              0.000


DIAGRAM INFORMATION

  Use View Diagram under the Diagram menu in the Mplus Editor to view the diagram.
  If running Mplus from the Mplus Diagrammer, the diagram opens automatically.

  Diagram output
    c:\users\vcole\dropbox\amnlfa_12212017\amnlfa\inst\examplefiles\round2calibration.dgm

     Beginning Time:  13:27:06
        Ending Time:  13:27:14
       Elapsed Time:  00:00:08



MUTHEN & MUTHEN
3463 Stoner Ave.
Los Angeles, CA  90066

Tel: (310) 391-9971
Fax: (310) 391-8971
Web: www.StatModel.com
Support: Support@StatModel.com

Copyright (c) 1998-2014 Muthen & Muthen
