Mplus VERSION 7.4
MUTHEN & MUTHEN
03/05/2018   6:36 PM

INPUT INSTRUCTIONS

  TITLE: Measurement Invariance Model for BIN_11
  DATA: FILE = "Z:/Real U Study/Staff folders/Michael Giordano/2018
   spring/amnlfa/calibration.dat";
  VARIABLE:
  NAMES = ID BIN_1 BIN_2 BIN_3 BIN_4 BIN_5 BIN_6 BIN_7 BIN_8 BIN_9 BIN_10 BIN_11
       BIN_12 AGECENT GENEFF STUDYEFF;
  MISSING=.;
  !
  !
  !
  USEVARIABLES= BIN_1 BIN_2 BIN_3 BIN_4 BIN_5 BIN_6 BIN_7 BIN_8 BIN_9 BIN_10 BIN_11 BIN_12
   AGECENT GENEFF STUDYEFF ;
  AUXILIARY= ;
  CATEGORICAL= BIN_1 BIN_2 BIN_3 BIN_4 BIN_5 BIN_6 BIN_7 BIN_8 BIN_9 BIN_10 BIN_11 BIN_12 ;
  !
  CONSTRAINT= AGECENT GENEFF STUDYEFF ;
  ANALYSIS: ESTIMATOR=ML;ALGORITHM=INTEGRATION;INTEGRATION=MONTECARLO;PROCESSORS=4;
  MODEL: [ETA@0]; ETA@1;
  ETA BY BIN_1*(l1);
  ETA BY BIN_2*(l2);
  ETA BY BIN_3*(l3);
  ETA BY BIN_4*(l4);
  ETA BY BIN_5*(l5);
  ETA BY BIN_6*(l6);
  ETA BY BIN_7*(l7);
  ETA BY BIN_8*(l8);
  ETA BY BIN_9*(l9);
  ETA BY BIN_10*(l10);
  ETA BY BIN_11*(l11);
  ETA BY BIN_12*(l12);
  BIN_11 on AGECENT GENEFF STUDYEFF;
  MODEL CONSTRAINT: new(
  l11_00*1
  l11_1*0
  l11_2*0
  l11_3*0
  );
  l11=l11_00
  +l11_1*AGECENT
  +l11_2*GENEFF
  +l11_3*STUDYEFF
  ;
  OUTPUT: tech1;



INPUT READING TERMINATED NORMALLY



Measurement Invariance Model for BIN_11

SUMMARY OF ANALYSIS

Number of groups                                                 1
Number of observations                                         500

Number of dependent variables                                   12
Number of independent variables                                  3
Number of continuous latent variables                            1

Observed dependent variables

  Binary and ordered categorical (ordinal)
   BIN_1       BIN_2       BIN_3       BIN_4       BIN_5       BIN_6
   BIN_7       BIN_8       BIN_9       BIN_10      BIN_11      BIN_12

Observed independent variables
   AGECENT     GENEFF      STUDYEFF

Continuous latent variables
   ETA


Estimator                                                       ML
Information matrix                                        OBSERVED
Optimization Specifications for the Quasi-Newton Algorithm for
Continuous Outcomes
  Maximum number of iterations                                 100
  Convergence criterion                                  0.100D-05
Optimization Specifications for the EM Algorithm
  Maximum number of iterations                                 500
  Convergence criteria
    Loglikelihood change                                 0.100D-02
    Relative loglikelihood change                        0.100D-05
    Derivative                                           0.100D-02
Optimization Specifications for the M step of the EM Algorithm for
Categorical Latent variables
  Number of M step iterations                                    1
  M step convergence criterion                           0.100D-02
  Basis for M step termination                           ITERATION
Optimization Specifications for the M step of the EM Algorithm for
Censored, Binary or Ordered Categorical (Ordinal), Unordered
Categorical (Nominal) and Count Outcomes
  Number of M step iterations                                    1
  M step convergence criterion                           0.100D-02
  Basis for M step termination                           ITERATION
  Maximum value for logit thresholds                            15
  Minimum value for logit thresholds                           -15
  Minimum expected cell size for chi-square              0.100D-01
Maximum number of iterations for H1                           2000
Convergence criterion for H1                             0.100D-03
Optimization algorithm                                         EMA
Integration Specifications
  Type                                                  MONTECARLO
  Number of integration points                                1000
  Dimensions of numerical integration                            1
  Adaptive quadrature                                           ON
  Monte Carlo integration seed                                   0
Link                                                         LOGIT
Cholesky                                                        ON

Input data file(s)
  Z:/Real U Study/Staff folders/Michael Giordano/2018spring/amnlfa/calibration.d
Input data format  FREE


SUMMARY OF DATA

     Number of missing data patterns             1
     Number of y missing data patterns           0
     Number of u missing data patterns           1


COVARIANCE COVERAGE OF DATA

Minimum covariance coverage value   0.100


UNIVARIATE PROPORTIONS AND COUNTS FOR CATEGORICAL VARIABLES

    BIN_1
      Category 1    0.634          317.000
      Category 2    0.366          183.000
    BIN_2
      Category 1    0.670          335.000
      Category 2    0.330          165.000
    BIN_3
      Category 1    0.638          319.000
      Category 2    0.362          181.000
    BIN_4
      Category 1    0.738          369.000
      Category 2    0.262          131.000
    BIN_5
      Category 1    0.740          370.000
      Category 2    0.260          130.000
    BIN_6
      Category 1    0.810          405.000
      Category 2    0.190           95.000
    BIN_7
      Category 1    0.588          294.000
      Category 2    0.412          206.000
    BIN_8
      Category 1    0.678          339.000
      Category 2    0.322          161.000
    BIN_9
      Category 1    0.698          349.000
      Category 2    0.302          151.000
    BIN_10
      Category 1    0.726          363.000
      Category 2    0.274          137.000
    BIN_11
      Category 1    0.758          379.000
      Category 2    0.242          121.000
    BIN_12
      Category 1    0.790          395.000
      Category 2    0.210          105.000



THE MODEL ESTIMATION TERMINATED NORMALLY



MODEL FIT INFORMATION

Number of Free Parameters                       30

Loglikelihood

          H0 Value                       -3006.114

Information Criteria

          Akaike (AIC)                    6072.228
          Bayesian (BIC)                  6198.667
          Sample-Size Adjusted BIC        6103.445
            (n* = (n + 2) / 24)



MODEL RESULTS

                                                    Two-Tailed
                    Estimate       S.E.  Est./S.E.    P-Value

 ETA      BY
    BIN_1              0.997      0.144      6.910      0.000
    BIN_2              1.583      0.197      8.019      0.000
    BIN_3              1.095      0.151      7.253      0.000
    BIN_4              2.275      0.289      7.869      0.000
    BIN_5              1.996      0.251      7.942      0.000
    BIN_6              2.472      0.338      7.311      0.000
    BIN_7              0.864      0.133      6.477      0.000
    BIN_8              1.347      0.174      7.756      0.000
    BIN_9              1.615      0.202      8.008      0.000
    BIN_10             1.927      0.241      7.997      0.000
    BIN_11           999.000      0.000    999.000    999.000
    BIN_12             2.759      0.380      7.270      0.000

 BIN_11     ON
    AGECENT            0.515      0.195      2.640      0.008
    GENEFF             0.039      0.236      0.163      0.870
    STUDYEFF           0.082      0.285      0.288      0.773

 Means
    ETA                0.000      0.000    999.000    999.000

 Thresholds
    BIN_1$1            0.663      0.115      5.773      0.000
    BIN_2$1            1.029      0.149      6.914      0.000
    BIN_3$1            0.705      0.119      5.912      0.000
    BIN_4$1            1.845      0.227      8.133      0.000
    BIN_5$1            1.713      0.203      8.455      0.000
    BIN_6$1            2.678      0.309      8.671      0.000
    BIN_7$1            0.412      0.106      3.874      0.000
    BIN_8$1            1.001      0.137      7.297      0.000
    BIN_9$1            1.226      0.158      7.778      0.000
    BIN_10$1           1.566      0.190      8.240      0.000
    BIN_11$1           1.950      0.247      7.884      0.000
    BIN_12$1           2.666      0.328      8.123      0.000

 Variances
    ETA                1.000      0.000    999.000    999.000

New/Additional Parameters
    L11_00             2.155      0.317      6.796      0.000
    L11_1             -0.187      0.233     -0.803      0.422
    L11_2              0.104      0.295      0.352      0.725
    L11_3              0.086      0.356      0.241      0.810


LOGISTIC REGRESSION ODDS RATIO RESULTS

 BIN_11     ON
    AGECENT            1.674
    GENEFF             1.039
    STUDYEFF           1.085


QUALITY OF NUMERICAL RESULTS

     Condition Number for the Information Matrix              0.441E-02
       (ratio of smallest to largest eigenvalue)


TECHNICAL 1 OUTPUT


     PARAMETER SPECIFICATION


           TAU
              BIN_1$1       BIN_2$1       BIN_3$1       BIN_4$1       BIN_5$1
              ________      ________      ________      ________      ________
 1                 16            17            18            19            20


           TAU
              BIN_6$1       BIN_7$1       BIN_8$1       BIN_9$1       BIN_10$1
              ________      ________      ________      ________      ________
 1                 21            22            23            24            25


           TAU
              BIN_11$1      BIN_12$1
              ________      ________
 1                 26            27


           NU
              BIN_1         BIN_2         BIN_3         BIN_4         BIN_5
              ________      ________      ________      ________      ________
 1                  0             0             0             0             0


           NU
              BIN_6         BIN_7         BIN_8         BIN_9         BIN_10
              ________      ________      ________      ________      ________
 1                  0             0             0             0             0


           NU
              BIN_11        BIN_12        AGECENT       GENEFF        STUDYEFF
              ________      ________      ________      ________      ________
 1                  0             0             0             0             0


           LAMBDA
              ETA           BIN_11        AGECENT       GENEFF        STUDYEFF
              ________      ________      ________      ________      ________
 BIN_1              1             0             0             0             0
 BIN_2              2             0             0             0             0
 BIN_3              3             0             0             0             0
 BIN_4              4             0             0             0             0
 BIN_5              5             0             0             0             0
 BIN_6              6             0             0             0             0
 BIN_7              7             0             0             0             0
 BIN_8              8             0             0             0             0
 BIN_9              9             0             0             0             0
 BIN_10            10             0             0             0             0
 BIN_11             0             0             0             0             0
 BIN_12            11             0             0             0             0
 AGECENT            0             0             0             0             0
 GENEFF             0             0             0             0             0
 STUDYEFF           0             0             0             0             0


           THETA
              BIN_1         BIN_2         BIN_3         BIN_4         BIN_5
              ________      ________      ________      ________      ________
 BIN_1              0
 BIN_2              0             0
 BIN_3              0             0             0
 BIN_4              0             0             0             0
 BIN_5              0             0             0             0             0
 BIN_6              0             0             0             0             0
 BIN_7              0             0             0             0             0
 BIN_8              0             0             0             0             0
 BIN_9              0             0             0             0             0
 BIN_10             0             0             0             0             0
 BIN_11             0             0             0             0             0
 BIN_12             0             0             0             0             0
 AGECENT            0             0             0             0             0
 GENEFF             0             0             0             0             0
 STUDYEFF           0             0             0             0             0


           THETA
              BIN_6         BIN_7         BIN_8         BIN_9         BIN_10
              ________      ________      ________      ________      ________
 BIN_6              0
 BIN_7              0             0
 BIN_8              0             0             0
 BIN_9              0             0             0             0
 BIN_10             0             0             0             0             0
 BIN_11             0             0             0             0             0
 BIN_12             0             0             0             0             0
 AGECENT            0             0             0             0             0
 GENEFF             0             0             0             0             0
 STUDYEFF           0             0             0             0             0


           THETA
              BIN_11        BIN_12        AGECENT       GENEFF        STUDYEFF
              ________      ________      ________      ________      ________
 BIN_11             0
 BIN_12             0             0
 AGECENT            0             0             0
 GENEFF             0             0             0             0
 STUDYEFF           0             0             0             0             0


           ALPHA
              ETA           BIN_11        AGECENT       GENEFF        STUDYEFF
              ________      ________      ________      ________      ________
 1                  0             0             0             0             0


           BETA
              ETA           BIN_11        AGECENT       GENEFF        STUDYEFF
              ________      ________      ________      ________      ________
 ETA                0             0             0             0             0
 BIN_11            12             0            13            14            15
 AGECENT            0             0             0             0             0
 GENEFF             0             0             0             0             0
 STUDYEFF           0             0             0             0             0


           PSI
              ETA           BIN_11        AGECENT       GENEFF        STUDYEFF
              ________      ________      ________      ________      ________
 ETA                0
 BIN_11             0             0
 AGECENT            0             0             0
 GENEFF             0             0             0             0
 STUDYEFF           0             0             0             0             0


     PARAMETER SPECIFICATION FOR THE ADDITIONAL PARAMETERS


           NEW/ADDITIONAL PARAMETERS
              L11_00        L11_1         L11_2         L11_3
              ________      ________      ________      ________
 1                 28            29            30            31


     STARTING VALUES


           TAU
              BIN_1$1       BIN_2$1       BIN_3$1       BIN_4$1       BIN_5$1
              ________      ________      ________      ________      ________
 1              0.549         0.708         0.567         1.036         1.046


           TAU
              BIN_6$1       BIN_7$1       BIN_8$1       BIN_9$1       BIN_10$1
              ________      ________      ________      ________      ________
 1              1.450         0.356         0.745         0.838         0.974


           TAU
              BIN_11$1      BIN_12$1
              ________      ________
 1              1.142         1.325


           NU
              BIN_1         BIN_2         BIN_3         BIN_4         BIN_5
              ________      ________      ________      ________      ________
 1              0.000         0.000         0.000         0.000         0.000


           NU
              BIN_6         BIN_7         BIN_8         BIN_9         BIN_10
              ________      ________      ________      ________      ________
 1              0.000         0.000         0.000         0.000         0.000


           NU
              BIN_11        BIN_12        AGECENT       GENEFF        STUDYEFF
              ________      ________      ________      ________      ________
 1              0.000         0.000         0.000         0.000         0.000


           LAMBDA
              ETA           BIN_11        AGECENT       GENEFF        STUDYEFF
              ________      ________      ________      ________      ________
 BIN_1          1.000         0.000         0.000         0.000         0.000
 BIN_2          1.000         0.000         0.000         0.000         0.000
 BIN_3          1.000         0.000         0.000         0.000         0.000
 BIN_4          1.000         0.000         0.000         0.000         0.000
 BIN_5          1.000         0.000         0.000         0.000         0.000
 BIN_6          1.000         0.000         0.000         0.000         0.000
 BIN_7          1.000         0.000         0.000         0.000         0.000
 BIN_8          1.000         0.000         0.000         0.000         0.000
 BIN_9          1.000         0.000         0.000         0.000         0.000
 BIN_10         1.000         0.000         0.000         0.000         0.000
 BIN_11         0.000         1.000         0.000         0.000         0.000
 BIN_12         1.000         0.000         0.000         0.000         0.000
 AGECENT        0.000         0.000         1.000         0.000         0.000
 GENEFF         0.000         0.000         0.000         1.000         0.000
 STUDYEFF       0.000         0.000         0.000         0.000         1.000


           THETA
              BIN_1         BIN_2         BIN_3         BIN_4         BIN_5
              ________      ________      ________      ________      ________
 BIN_1          1.000
 BIN_2          0.000         1.000
 BIN_3          0.000         0.000         1.000
 BIN_4          0.000         0.000         0.000         1.000
 BIN_5          0.000         0.000         0.000         0.000         1.000
 BIN_6          0.000         0.000         0.000         0.000         0.000
 BIN_7          0.000         0.000         0.000         0.000         0.000
 BIN_8          0.000         0.000         0.000         0.000         0.000
 BIN_9          0.000         0.000         0.000         0.000         0.000
 BIN_10         0.000         0.000         0.000         0.000         0.000
 BIN_11         0.000         0.000         0.000         0.000         0.000
 BIN_12         0.000         0.000         0.000         0.000         0.000
 AGECENT        0.000         0.000         0.000         0.000         0.000
 GENEFF         0.000         0.000         0.000         0.000         0.000
 STUDYEFF       0.000         0.000         0.000         0.000         0.000


           THETA
              BIN_6         BIN_7         BIN_8         BIN_9         BIN_10
              ________      ________      ________      ________      ________
 BIN_6          1.000
 BIN_7          0.000         1.000
 BIN_8          0.000         0.000         1.000
 BIN_9          0.000         0.000         0.000         1.000
 BIN_10         0.000         0.000         0.000         0.000         1.000
 BIN_11         0.000         0.000         0.000         0.000         0.000
 BIN_12         0.000         0.000         0.000         0.000         0.000
 AGECENT        0.000         0.000         0.000         0.000         0.000
 GENEFF         0.000         0.000         0.000         0.000         0.000
 STUDYEFF       0.000         0.000         0.000         0.000         0.000


           THETA
              BIN_11        BIN_12        AGECENT       GENEFF        STUDYEFF
              ________      ________      ________      ________      ________
 BIN_11         0.000
 BIN_12         0.000         1.000
 AGECENT        0.000         0.000         0.000
 GENEFF         0.000         0.000         0.000         0.000
 STUDYEFF       0.000         0.000         0.000         0.000         0.000


           ALPHA
              ETA           BIN_11        AGECENT       GENEFF        STUDYEFF
              ________      ________      ________      ________      ________
 1              0.000         0.000         0.000         0.000         0.000


           BETA
              ETA           BIN_11        AGECENT       GENEFF        STUDYEFF
              ________      ________      ________      ________      ________
 ETA            0.000         0.000         0.000         0.000         0.000
 BIN_11         1.000         0.000         0.000         0.000         0.000
 AGECENT        0.000         0.000         0.000         0.000         0.000
 GENEFF         0.000         0.000         0.000         0.000         0.000
 STUDYEFF       0.000         0.000         0.000         0.000         0.000


           PSI
              ETA           BIN_11        AGECENT       GENEFF        STUDYEFF
              ________      ________      ________      ________      ________
 ETA            1.000
 BIN_11         0.000         1.000
 AGECENT        0.000         0.000         1.091
 GENEFF         0.000         0.000         0.000         0.500
 STUDYEFF       0.000         0.000         0.000         0.000         0.500


     STARTING VALUES FOR THE ADDITIONAL PARAMETERS


           NEW/ADDITIONAL PARAMETERS
              L11_00        L11_1         L11_2         L11_3
              ________      ________      ________      ________
 1              1.000         0.000         0.000         0.000


     Beginning Time:  18:36:44
        Ending Time:  18:37:05
       Elapsed Time:  00:00:21



MUTHEN & MUTHEN
3463 Stoner Ave.
Los Angeles, CA  90066

Tel: (310) 391-9971
Fax: (310) 391-8971
Web: www.StatModel.com
Support: Support@StatModel.com

Copyright (c) 1998-2015 Muthen & Muthen
