Mplus VERSION 7.2
MUTHEN & MUTHEN
03/26/2018   2:00 PM

INPUT INSTRUCTIONS

  TITLE: Round 3 Final Calibration Model
  DATA: FILE = "Z:/Real U Study/Staff folders/Michael Giordano/2018
   spring/amnlfa/calibration.dat";
  VARIABLE:
  NAMES = ID BIN_1 BIN_2 BIN_3 BIN_4 BIN_5 BIN_6 BIN_7 BIN_8 BIN_9 BIN_10 BIN_11
       BIN_12 AGE GENDER STUDY;
  MISSING=.;
  !
  !
  !
  USEVARIABLES= GENDER STUDY AGE BIN_1 BIN_2 BIN_3 BIN_4 BIN_5 BIN_6 BIN_7 BIN_8
   BIN_9 BIN_10 BIN_11 BIN_12;
  !
  CATEGORICAL= BIN_1 BIN_2 BIN_3 BIN_4 BIN_5 BIN_6 BIN_7 BIN_8 BIN_9 BIN_10 BIN_11 BIN_12 ;
  !
  CONSTRAINT= AGE ;
  ANALYSIS: ESTIMATOR=ML;ALGORITHM=INTEGRATION;INTEGRATION=MONTECARLO;PROCESSORS=4;
  MODEL: [ETA@0];ETA*(veta);
  ETA BY BIN_1*(l_1);
  ETA BY BIN_2*(l_2);
  ETA BY BIN_3*(l_3);
  ETA BY BIN_4*(l_4);
  ETA BY BIN_5*(l_5);
  ETA BY BIN_6*(l_6);
  ETA BY BIN_7*(l_7);
  ETA BY BIN_8*(l_8);
  ETA BY BIN_9*(l_9);
  ETA BY BIN_10*(l_10);
  ETA BY BIN_11*(l_11);
  ETA BY BIN_12*(l_12);
  ETA ON AGE; ETA ON STUDY;
  !
  BIN_2 on GENDER STUDY;
  BIN_3 on GENDER STUDY;
  !
  BIN_5 on GENDER STUDY;
  !
  !
  !
  !
  !
  !
  !
  MODEL CONSTRAINT: new( v1*0
  !
  !
  !
  !
  !
  !
  !
  !
  !
  !
  !
  );
  !;
  !;
  !;
  !;
  !;
  !;
  !;
  !;
  !;
  !;
  !;
  !;
  veta=1*exp( v1*AGE+ 0);
  OUTPUT: tech1;
  SAVEDATA: SAVE=FSCORES; FILE=scores.dat;



INPUT READING TERMINATED NORMALLY



Round 3 Final Calibration Model

SUMMARY OF ANALYSIS

Number of groups                                                 1
Number of observations                                         500

Number of dependent variables                                   12
Number of independent variables                                  3
Number of continuous latent variables                            1

Observed dependent variables

  Binary and ordered categorical (ordinal)
   BIN_1       BIN_2       BIN_3       BIN_4       BIN_5       BIN_6
   BIN_7       BIN_8       BIN_9       BIN_10      BIN_11      BIN_12

Observed independent variables
   GENDER      STUDY       AGE

Continuous latent variables
   ETA


Estimator                                                       ML
Information matrix                                        OBSERVED
Optimization Specifications for the Quasi-Newton Algorithm for
Continuous Outcomes
  Maximum number of iterations                                 100
  Convergence criterion                                  0.100D-05
Optimization Specifications for the EM Algorithm
  Maximum number of iterations                                 500
  Convergence criteria
    Loglikelihood change                                 0.100D-02
    Relative loglikelihood change                        0.100D-05
    Derivative                                           0.100D-02
Optimization Specifications for the M step of the EM Algorithm for
Categorical Latent variables
  Number of M step iterations                                    1
  M step convergence criterion                           0.100D-02
  Basis for M step termination                           ITERATION
Optimization Specifications for the M step of the EM Algorithm for
Censored, Binary or Ordered Categorical (Ordinal), Unordered
Categorical (Nominal) and Count Outcomes
  Number of M step iterations                                    1
  M step convergence criterion                           0.100D-02
  Basis for M step termination                           ITERATION
  Maximum value for logit thresholds                            15
  Minimum value for logit thresholds                           -15
  Minimum expected cell size for chi-square              0.100D-01
Maximum number of iterations for H1                           2000
Convergence criterion for H1                             0.100D-03
Optimization algorithm                                         EMA
Integration Specifications
  Type                                                  MONTECARLO
  Number of integration points                                 100
  Dimensions of numerical integration                            1
  Adaptive quadrature                                           ON
  Monte Carlo integration seed                                   0
Link                                                         LOGIT
Cholesky                                                        ON

Input data file(s)
  Z:/Real U Study/Staff folders/Michael Giordano/2018spring/amnlfa/calibration.d
Input data format  FREE


SUMMARY OF DATA

     Number of missing data patterns             1


COVARIANCE COVERAGE OF DATA

Minimum covariance coverage value   0.100


UNIVARIATE PROPORTIONS AND COUNTS FOR CATEGORICAL VARIABLES

    BIN_1
      Category 1    0.634      317.000
      Category 2    0.366      183.000
    BIN_2
      Category 1    0.670      335.000
      Category 2    0.330      165.000
    BIN_3
      Category 1    0.638      319.000
      Category 2    0.362      181.000
    BIN_4
      Category 1    0.738      369.000
      Category 2    0.262      131.000
    BIN_5
      Category 1    0.740      370.000
      Category 2    0.260      130.000
    BIN_6
      Category 1    0.810      405.000
      Category 2    0.190       95.000
    BIN_7
      Category 1    0.588      294.000
      Category 2    0.412      206.000
    BIN_8
      Category 1    0.678      339.000
      Category 2    0.322      161.000
    BIN_9
      Category 1    0.698      349.000
      Category 2    0.302      151.000
    BIN_10
      Category 1    0.726      363.000
      Category 2    0.274      137.000
    BIN_11
      Category 1    0.758      379.000
      Category 2    0.242      121.000
    BIN_12
      Category 1    0.790      395.000
      Category 2    0.210      105.000



THE MODEL ESTIMATION TERMINATED NORMALLY



MODEL FIT INFORMATION

Number of Free Parameters                       33

Loglikelihood

          H0 Value                       -2746.054

Information Criteria

          Akaike (AIC)                    5558.109
          Bayesian (BIC)                  5697.191
          Sample-Size Adjusted BIC        5592.447
            (n* = (n + 2) / 24)



MODEL RESULTS

                                                    Two-Tailed
                    Estimate       S.E.  Est./S.E.    P-Value

 ETA      BY
    BIN_1              0.868      0.121      7.182      0.000
    BIN_2              1.422      0.183      7.774      0.000
    BIN_3              1.227      0.187      6.550      0.000
    BIN_4              1.985      0.248      8.014      0.000
    BIN_5              1.992      0.269      7.399      0.000
    BIN_6              2.039      0.267      7.630      0.000
    BIN_7              0.763      0.112      6.816      0.000
    BIN_8              1.182      0.148      7.994      0.000
    BIN_9              1.291      0.159      8.096      0.000
    BIN_10             1.524      0.187      8.134      0.000
    BIN_11             1.996      0.250      7.976      0.000
    BIN_12             2.218      0.295      7.527      0.000

 ETA        ON
    AGE                0.440      0.052      8.517      0.000
    STUDY              0.631      0.068      9.280      0.000

 BIN_2      ON
    GENDER            -1.027      0.156     -6.593      0.000
    STUDY              0.873      0.151      5.772      0.000

 BIN_3      ON
    GENDER             1.009      0.154      6.531      0.000
    STUDY              1.507      0.175      8.603      0.000

 BIN_5      ON
    GENDER            -1.287      0.200     -6.445      0.000
    STUDY              1.506      0.220      6.847      0.000

 Intercepts
    ETA                0.000      0.000    999.000    999.000

 Thresholds
    BIN_1$1            0.567      0.112      5.067      0.000
    BIN_2$1            1.014      0.155      6.556      0.000
    BIN_3$1            1.279      0.192      6.678      0.000
    BIN_4$1            1.643      0.208      7.896      0.000
    BIN_5$1            2.050      0.257      7.990      0.000
    BIN_6$1            2.405      0.268      8.963      0.000
    BIN_7$1            0.328      0.105      3.107      0.002
    BIN_8$1            0.877      0.131      6.673      0.000
    BIN_9$1            1.037      0.142      7.326      0.000
    BIN_10$1           1.324      0.165      8.047      0.000
    BIN_11$1           1.836      0.221      8.306      0.000
    BIN_12$1           2.312      0.275      8.399      0.000

 Residual Variances
    ETA              999.000      0.000    999.000    999.000

New/Additional Parameters
    V1                 0.165      0.077      2.133      0.033


LOGISTIC REGRESSION ODDS RATIO RESULTS

 BIN_2      ON
    GENDER             0.358
    STUDY              2.394

 BIN_3      ON
    GENDER             2.742
    STUDY              4.514

 BIN_5      ON
    GENDER             0.276
    STUDY              4.510


QUALITY OF NUMERICAL RESULTS

     Condition Number for the Information Matrix              0.886E-03
       (ratio of smallest to largest eigenvalue)


TECHNICAL 1 OUTPUT


     PARAMETER SPECIFICATION


           TAU
              BIN_1$1       BIN_2$1       BIN_3$1       BIN_4$1       BIN_5$1
              ________      ________      ________      ________      ________
 1                 22            23            24            25            26


           TAU
              BIN_6$1       BIN_7$1       BIN_8$1       BIN_9$1       BIN_10$1
              ________      ________      ________      ________      ________
 1                 27            28            29            30            31


           TAU
              BIN_11$1      BIN_12$1
              ________      ________
 1                 32            33


           NU
              BIN_1         BIN_2         BIN_3         BIN_4         BIN_5
              ________      ________      ________      ________      ________
 1                  0             0             0             0             0


           NU
              BIN_6         BIN_7         BIN_8         BIN_9         BIN_10
              ________      ________      ________      ________      ________
 1                  0             0             0             0             0


           NU
              BIN_11        BIN_12        GENDER        STUDY         AGE
              ________      ________      ________      ________      ________
 1                  0             0             0             0             0


           LAMBDA
              ETA           BIN_2         BIN_3         BIN_5         GENDER
              ________      ________      ________      ________      ________
 BIN_1              1             0             0             0             0
 BIN_2              0             0             0             0             0
 BIN_3              0             0             0             0             0
 BIN_4              2             0             0             0             0
 BIN_5              0             0             0             0             0
 BIN_6              3             0             0             0             0
 BIN_7              4             0             0             0             0
 BIN_8              5             0             0             0             0
 BIN_9              6             0             0             0             0
 BIN_10             7             0             0             0             0
 BIN_11             8             0             0             0             0
 BIN_12             9             0             0             0             0
 GENDER             0             0             0             0             0
 STUDY              0             0             0             0             0
 AGE                0             0             0             0             0


           LAMBDA
              STUDY         AGE
              ________      ________
 BIN_1              0             0
 BIN_2              0             0
 BIN_3              0             0
 BIN_4              0             0
 BIN_5              0             0
 BIN_6              0             0
 BIN_7              0             0
 BIN_8              0             0
 BIN_9              0             0
 BIN_10             0             0
 BIN_11             0             0
 BIN_12             0             0
 GENDER             0             0
 STUDY              0             0
 AGE                0             0


           THETA
              BIN_1         BIN_2         BIN_3         BIN_4         BIN_5
              ________      ________      ________      ________      ________
 BIN_1              0
 BIN_2              0             0
 BIN_3              0             0             0
 BIN_4              0             0             0             0
 BIN_5              0             0             0             0             0
 BIN_6              0             0             0             0             0
 BIN_7              0             0             0             0             0
 BIN_8              0             0             0             0             0
 BIN_9              0             0             0             0             0
 BIN_10             0             0             0             0             0
 BIN_11             0             0             0             0             0
 BIN_12             0             0             0             0             0
 GENDER             0             0             0             0             0
 STUDY              0             0             0             0             0
 AGE                0             0             0             0             0


           THETA
              BIN_6         BIN_7         BIN_8         BIN_9         BIN_10
              ________      ________      ________      ________      ________
 BIN_6              0
 BIN_7              0             0
 BIN_8              0             0             0
 BIN_9              0             0             0             0
 BIN_10             0             0             0             0             0
 BIN_11             0             0             0             0             0
 BIN_12             0             0             0             0             0
 GENDER             0             0             0             0             0
 STUDY              0             0             0             0             0
 AGE                0             0             0             0             0


           THETA
              BIN_11        BIN_12        GENDER        STUDY         AGE
              ________      ________      ________      ________      ________
 BIN_11             0
 BIN_12             0             0
 GENDER             0             0             0
 STUDY              0             0             0             0
 AGE                0             0             0             0             0


           ALPHA
              ETA           BIN_2         BIN_3         BIN_5         GENDER
              ________      ________      ________      ________      ________
 1                  0             0             0             0             0


           ALPHA
              STUDY         AGE
              ________      ________
 1                  0             0


           BETA
              ETA           BIN_2         BIN_3         BIN_5         GENDER
              ________      ________      ________      ________      ________
 ETA                0             0             0             0             0
 BIN_2             12             0             0             0            13
 BIN_3             15             0             0             0            16
 BIN_5             18             0             0             0            19
 GENDER             0             0             0             0             0
 STUDY              0             0             0             0             0
 AGE                0             0             0             0             0


           BETA
              STUDY         AGE
              ________      ________
 ETA               10            11
 BIN_2             14             0
 BIN_3             17             0
 BIN_5             20             0
 GENDER             0             0
 STUDY              0             0
 AGE                0             0


           PSI
              ETA           BIN_2         BIN_3         BIN_5         GENDER
              ________      ________      ________      ________      ________
 ETA               21
 BIN_2              0             0
 BIN_3              0             0             0
 BIN_5              0             0             0             0
 GENDER             0             0             0             0             0
 STUDY              0             0             0             0             0
 AGE                0             0             0             0             0


           PSI
              STUDY         AGE
              ________      ________
 STUDY              0
 AGE                0             0


     PARAMETER SPECIFICATION FOR THE ADDITIONAL PARAMETERS


           NEW/ADDITIONAL PARAMETERS
              V1
              ________
 1                 34


     STARTING VALUES


           TAU
              BIN_1$1       BIN_2$1       BIN_3$1       BIN_4$1       BIN_5$1
              ________      ________      ________      ________      ________
 1              0.549         0.708         0.567         1.036         1.046


           TAU
              BIN_6$1       BIN_7$1       BIN_8$1       BIN_9$1       BIN_10$1
              ________      ________      ________      ________      ________
 1              1.450         0.356         0.745         0.838         0.974


           TAU
              BIN_11$1      BIN_12$1
              ________      ________
 1              1.142         1.325


           NU
              BIN_1         BIN_2         BIN_3         BIN_4         BIN_5
              ________      ________      ________      ________      ________
 1              0.000         0.000         0.000         0.000         0.000


           NU
              BIN_6         BIN_7         BIN_8         BIN_9         BIN_10
              ________      ________      ________      ________      ________
 1              0.000         0.000         0.000         0.000         0.000


           NU
              BIN_11        BIN_12        GENDER        STUDY         AGE
              ________      ________      ________      ________      ________
 1              0.000         0.000         0.000         0.000         0.000


           LAMBDA
              ETA           BIN_2         BIN_3         BIN_5         GENDER
              ________      ________      ________      ________      ________
 BIN_1          1.000         0.000         0.000         0.000         0.000
 BIN_2          0.000         1.000         0.000         0.000         0.000
 BIN_3          0.000         0.000         1.000         0.000         0.000
 BIN_4          1.000         0.000         0.000         0.000         0.000
 BIN_5          0.000         0.000         0.000         1.000         0.000
 BIN_6          1.000         0.000         0.000         0.000         0.000
 BIN_7          1.000         0.000         0.000         0.000         0.000
 BIN_8          1.000         0.000         0.000         0.000         0.000
 BIN_9          1.000         0.000         0.000         0.000         0.000
 BIN_10         1.000         0.000         0.000         0.000         0.000
 BIN_11         1.000         0.000         0.000         0.000         0.000
 BIN_12         1.000         0.000         0.000         0.000         0.000
 GENDER         0.000         0.000         0.000         0.000         1.000
 STUDY          0.000         0.000         0.000         0.000         0.000
 AGE            0.000         0.000         0.000         0.000         0.000


           LAMBDA
              STUDY         AGE
              ________      ________
 BIN_1          0.000         0.000
 BIN_2          0.000         0.000
 BIN_3          0.000         0.000
 BIN_4          0.000         0.000
 BIN_5          0.000         0.000
 BIN_6          0.000         0.000
 BIN_7          0.000         0.000
 BIN_8          0.000         0.000
 BIN_9          0.000         0.000
 BIN_10         0.000         0.000
 BIN_11         0.000         0.000
 BIN_12         0.000         0.000
 GENDER         0.000         0.000
 STUDY          1.000         0.000
 AGE            0.000         1.000


           THETA
              BIN_1         BIN_2         BIN_3         BIN_4         BIN_5
              ________      ________      ________      ________      ________
 BIN_1          1.000
 BIN_2          0.000         0.000
 BIN_3          0.000         0.000         0.000
 BIN_4          0.000         0.000         0.000         1.000
 BIN_5          0.000         0.000         0.000         0.000         0.000
 BIN_6          0.000         0.000         0.000         0.000         0.000
 BIN_7          0.000         0.000         0.000         0.000         0.000
 BIN_8          0.000         0.000         0.000         0.000         0.000
 BIN_9          0.000         0.000         0.000         0.000         0.000
 BIN_10         0.000         0.000         0.000         0.000         0.000
 BIN_11         0.000         0.000         0.000         0.000         0.000
 BIN_12         0.000         0.000         0.000         0.000         0.000
 GENDER         0.000         0.000         0.000         0.000         0.000
 STUDY          0.000         0.000         0.000         0.000         0.000
 AGE            0.000         0.000         0.000         0.000         0.000


           THETA
              BIN_6         BIN_7         BIN_8         BIN_9         BIN_10
              ________      ________      ________      ________      ________
 BIN_6          1.000
 BIN_7          0.000         1.000
 BIN_8          0.000         0.000         1.000
 BIN_9          0.000         0.000         0.000         1.000
 BIN_10         0.000         0.000         0.000         0.000         1.000
 BIN_11         0.000         0.000         0.000         0.000         0.000
 BIN_12         0.000         0.000         0.000         0.000         0.000
 GENDER         0.000         0.000         0.000         0.000         0.000
 STUDY          0.000         0.000         0.000         0.000         0.000
 AGE            0.000         0.000         0.000         0.000         0.000


           THETA
              BIN_11        BIN_12        GENDER        STUDY         AGE
              ________      ________      ________      ________      ________
 BIN_11         1.000
 BIN_12         0.000         1.000
 GENDER         0.000         0.000         0.000
 STUDY          0.000         0.000         0.000         0.000
 AGE            0.000         0.000         0.000         0.000         0.000


           ALPHA
              ETA           BIN_2         BIN_3         BIN_5         GENDER
              ________      ________      ________      ________      ________
 1              0.000         0.000         0.000         0.000         0.000


           ALPHA
              STUDY         AGE
              ________      ________
 1              0.000         0.000


           BETA
              ETA           BIN_2         BIN_3         BIN_5         GENDER
              ________      ________      ________      ________      ________
 ETA            0.000         0.000         0.000         0.000         0.000
 BIN_2          1.000         0.000         0.000         0.000         0.000
 BIN_3          1.000         0.000         0.000         0.000         0.000
 BIN_5          1.000         0.000         0.000         0.000         0.000
 GENDER         0.000         0.000         0.000         0.000         0.000
 STUDY          0.000         0.000         0.000         0.000         0.000
 AGE            0.000         0.000         0.000         0.000         0.000


           BETA
              STUDY         AGE
              ________      ________
 ETA            0.000         0.000
 BIN_2          0.000         0.000
 BIN_3          0.000         0.000
 BIN_5          0.000         0.000
 GENDER         0.000         0.000
 STUDY          0.000         0.000
 AGE            0.000         0.000


           PSI
              ETA           BIN_2         BIN_3         BIN_5         GENDER
              ________      ________      ________      ________      ________
 ETA            0.050
 BIN_2          0.000         1.000
 BIN_3          0.000         0.000         1.000
 BIN_5          0.000         0.000         0.000         1.000
 GENDER         0.000         0.000         0.000         0.000         0.500
 STUDY          0.000         0.000         0.000         0.000         0.000
 AGE            0.000         0.000         0.000         0.000         0.000


           PSI
              STUDY         AGE
              ________      ________
 STUDY          0.500
 AGE            0.000         1.091


     STARTING VALUES FOR THE ADDITIONAL PARAMETERS


           NEW/ADDITIONAL PARAMETERS
              V1
              ________
 1              0.000


SAMPLE STATISTICS FOR ESTIMATED FACTOR SCORES


     SAMPLE STATISTICS


           Means
              ETA           ETA_SE
              ________      ________
 1             -0.116         0.515


           Covariances
              ETA           ETA_SE
              ________      ________
 ETA            1.123
 ETA_SE        -0.108         0.017


           Correlations
              ETA           ETA_SE
              ________      ________
 ETA            1.000
 ETA_SE        -0.781         1.000


SAVEDATA INFORMATION


  Save file
    scores.dat

  Order and format of variables

    BIN_1          F10.3
    BIN_2          F10.3
    BIN_3          F10.3
    BIN_4          F10.3
    BIN_5          F10.3
    BIN_6          F10.3
    BIN_7          F10.3
    BIN_8          F10.3
    BIN_9          F10.3
    BIN_10         F10.3
    BIN_11         F10.3
    BIN_12         F10.3
    GENDER         F10.3
    STUDY          F10.3
    AGE            F10.3
    ETA            F10.3
    ETA_SE         F10.3

  Save file format
    17F10.3

  Save file record length    10000


DIAGRAM INFORMATION

  Use View Diagram under the Diagram menu in the Mplus Editor to view the diagram.
  If running Mplus from the Mplus Diagrammer, the diagram opens automatically.

  Diagram output
    c:\users\vcole\dropbox\amnlfa_12212017\amnlfa\inst\examplefiles\round3calibration.dgm

     Beginning Time:  14:00:20
        Ending Time:  14:00:28
       Elapsed Time:  00:00:08



MUTHEN & MUTHEN
3463 Stoner Ave.
Los Angeles, CA  90066

Tel: (310) 391-9971
Fax: (310) 391-8971
Web: www.StatModel.com
Support: Support@StatModel.com

Copyright (c) 1998-2014 Muthen & Muthen
