* using log directory 'C:/Users/colev/Dropbox/aMNLFA_12212017/aMNLFA_updated/aMNLFA.Rcheck'
* using R version 4.0.0 (2020-04-24)
* using platform: x86_64-w64-mingw32 (64-bit)
* using session charset: ISO8859-1
* using option '--as-cran'
* checking for file 'aMNLFA/DESCRIPTION' ... OK
* this is package 'aMNLFA' version '0.1'
* package encoding: UTF-8
* checking CRAN incoming feasibility ... WARNING
Maintainer: 'Veronica Cole <colev@wfu.edu>'

New submission

Package was archived on CRAN

Insufficient package version (submitted: 0.1, existing: 0.1)

CRAN repository db overrides:
  X-CRAN-Comment: Archived on 2021-02-05 as issues were not corrected
    despite reminders.

  xtfrm() on data frames.
* checking package namespace information ... OK
* checking package dependencies ... OK
* checking if this is a source package ... OK
* checking if there is a namespace ... OK
* checking for .dll and .exe files ... OK
* checking for hidden files and directories ... OK
* checking for portable file names ... OK
* checking serialization versions ... OK
* checking whether package 'aMNLFA' can be installed ... OK
* checking package directory ... OK
* checking for future file timestamps ... OK
* checking DESCRIPTION meta-information ... OK
* checking top-level files ... OK
* checking for left-over files ... OK
* checking index information ... OK
* checking package subdirectories ... OK
* checking R files for non-ASCII characters ... OK
* checking R files for syntax errors ... OK
* checking whether the package can be loaded ... OK
* checking whether the package can be loaded with stated dependencies ... OK
* checking whether the package can be unloaded cleanly ... OK
* checking whether the namespace can be loaded with stated dependencies ... OK
* checking whether the namespace can be unloaded cleanly ... OK
* checking loading without being on the library search path ... OK
* checking use of S3 registration ... OK
* checking dependencies in R code ... OK
* checking S3 generic/method consistency ... OK
* checking replacement functions ... OK
* checking foreign function calls ... OK
* checking R code for possible problems ... OK
* checking Rd files ... OK
* checking Rd metadata ... OK
* checking Rd line widths ... OK
* checking Rd cross-references ... OK
* checking for missing documentation entries ... OK
* checking for code/documentation mismatches ... OK
* checking Rd \usage sections ... OK
* checking Rd contents ... OK
* checking for unstated dependencies in examples ... OK
* checking contents of 'data' directory ... OK
* checking data for non-ASCII characters ... OK
* checking data for ASCII and uncompressed saves ... OK
* checking examples ... NOTE
Examples with CPU (user + system) or elapsed time > 5s
                     user system elapsed
aMNLFA.simultaneous 10.47   0.42   12.78
aMNLFA.itemplots     8.90   0.67   11.70
aMNLFA.final         3.94   0.69    7.69
aMNLFA.initial       0.43   0.72    5.19
* checking PDF version of manual ... OK
* checking for non-standard things in the check directory ... OK
* checking for detritus in the temp directory ... OK
* DONE
Status: 1 WARNING, 1 NOTE
