Mplus VERSION 7.4
MUTHEN & MUTHEN
03/05/2018   6:36 PM

INPUT INSTRUCTIONS

  TITLE: Measurement Invariance Model for BIN_10
  DATA: FILE = "Z:/Real U Study/Staff folders/Michael Giordano/2018
   spring/amnlfa/calibration.dat";
  VARIABLE:
  NAMES = ID BIN_1 BIN_2 BIN_3 BIN_4 BIN_5 BIN_6 BIN_7 BIN_8 BIN_9 BIN_10 BIN_11
       BIN_12 AGECENT GENEFF STUDYEFF;
  MISSING=.;
  !
  !
  !
  USEVARIABLES= BIN_1 BIN_2 BIN_3 BIN_4 BIN_5 BIN_6 BIN_7 BIN_8 BIN_9 BIN_10 BIN_11 BIN_12
   AGECENT GENEFF STUDYEFF ;
  AUXILIARY= ;
  CATEGORICAL= BIN_1 BIN_2 BIN_3 BIN_4 BIN_5 BIN_6 BIN_7 BIN_8 BIN_9 BIN_10 BIN_11 BIN_12 ;
  !
  CONSTRAINT= AGECENT GENEFF STUDYEFF ;
  ANALYSIS: ESTIMATOR=ML;ALGORITHM=INTEGRATION;INTEGRATION=MONTECARLO;PROCESSORS=4;
  MODEL: [ETA@0]; ETA@1;
  ETA BY BIN_1*(l1);
  ETA BY BIN_2*(l2);
  ETA BY BIN_3*(l3);
  ETA BY BIN_4*(l4);
  ETA BY BIN_5*(l5);
  ETA BY BIN_6*(l6);
  ETA BY BIN_7*(l7);
  ETA BY BIN_8*(l8);
  ETA BY BIN_9*(l9);
  ETA BY BIN_10*(l10);
  ETA BY BIN_11*(l11);
  ETA BY BIN_12*(l12);
  BIN_10 on AGECENT GENEFF STUDYEFF;
  MODEL CONSTRAINT: new(
  l10_00*1
  l10_1*0
  l10_2*0
  l10_3*0
  );
  l10=l10_00
  +l10_1*AGECENT
  +l10_2*GENEFF
  +l10_3*STUDYEFF
  ;
  OUTPUT: tech1;



INPUT READING TERMINATED NORMALLY



Measurement Invariance Model for BIN_10

SUMMARY OF ANALYSIS

Number of groups                                                 1
Number of observations                                         500

Number of dependent variables                                   12
Number of independent variables                                  3
Number of continuous latent variables                            1

Observed dependent variables

  Binary and ordered categorical (ordinal)
   BIN_1       BIN_2       BIN_3       BIN_4       BIN_5       BIN_6
   BIN_7       BIN_8       BIN_9       BIN_10      BIN_11      BIN_12

Observed independent variables
   AGECENT     GENEFF      STUDYEFF

Continuous latent variables
   ETA


Estimator                                                       ML
Information matrix                                        OBSERVED
Optimization Specifications for the Quasi-Newton Algorithm for
Continuous Outcomes
  Maximum number of iterations                                 100
  Convergence criterion                                  0.100D-05
Optimization Specifications for the EM Algorithm
  Maximum number of iterations                                 500
  Convergence criteria
    Loglikelihood change                                 0.100D-02
    Relative loglikelihood change                        0.100D-05
    Derivative                                           0.100D-02
Optimization Specifications for the M step of the EM Algorithm for
Categorical Latent variables
  Number of M step iterations                                    1
  M step convergence criterion                           0.100D-02
  Basis for M step termination                           ITERATION
Optimization Specifications for the M step of the EM Algorithm for
Censored, Binary or Ordered Categorical (Ordinal), Unordered
Categorical (Nominal) and Count Outcomes
  Number of M step iterations                                    1
  M step convergence criterion                           0.100D-02
  Basis for M step termination                           ITERATION
  Maximum value for logit thresholds                            15
  Minimum value for logit thresholds                           -15
  Minimum expected cell size for chi-square              0.100D-01
Maximum number of iterations for H1                           2000
Convergence criterion for H1                             0.100D-03
Optimization algorithm                                         EMA
Integration Specifications
  Type                                                  MONTECARLO
  Number of integration points                                1000
  Dimensions of numerical integration                            1
  Adaptive quadrature                                           ON
  Monte Carlo integration seed                                   0
Link                                                         LOGIT
Cholesky                                                        ON

Input data file(s)
  Z:/Real U Study/Staff folders/Michael Giordano/2018spring/amnlfa/calibration.d
Input data format  FREE


SUMMARY OF DATA

     Number of missing data patterns             1
     Number of y missing data patterns           0
     Number of u missing data patterns           1


COVARIANCE COVERAGE OF DATA

Minimum covariance coverage value   0.100


UNIVARIATE PROPORTIONS AND COUNTS FOR CATEGORICAL VARIABLES

    BIN_1
      Category 1    0.634          317.000
      Category 2    0.366          183.000
    BIN_2
      Category 1    0.670          335.000
      Category 2    0.330          165.000
    BIN_3
      Category 1    0.638          319.000
      Category 2    0.362          181.000
    BIN_4
      Category 1    0.738          369.000
      Category 2    0.262          131.000
    BIN_5
      Category 1    0.740          370.000
      Category 2    0.260          130.000
    BIN_6
      Category 1    0.810          405.000
      Category 2    0.190           95.000
    BIN_7
      Category 1    0.588          294.000
      Category 2    0.412          206.000
    BIN_8
      Category 1    0.678          339.000
      Category 2    0.322          161.000
    BIN_9
      Category 1    0.698          349.000
      Category 2    0.302          151.000
    BIN_10
      Category 1    0.726          363.000
      Category 2    0.274          137.000
    BIN_11
      Category 1    0.758          379.000
      Category 2    0.242          121.000
    BIN_12
      Category 1    0.790          395.000
      Category 2    0.210          105.000



THE MODEL ESTIMATION TERMINATED NORMALLY



MODEL FIT INFORMATION

Number of Free Parameters                       30

Loglikelihood

          H0 Value                       -3011.384

Information Criteria

          Akaike (AIC)                    6082.769
          Bayesian (BIC)                  6209.207
          Sample-Size Adjusted BIC        6113.985
            (n* = (n + 2) / 24)



MODEL RESULTS

                                                    Two-Tailed
                    Estimate       S.E.  Est./S.E.    P-Value

 ETA      BY
    BIN_1              1.010      0.145      6.973      0.000
    BIN_2              1.579      0.196      8.040      0.000
    BIN_3              1.086      0.150      7.233      0.000
    BIN_4              2.285      0.290      7.890      0.000
    BIN_5              1.991      0.250      7.968      0.000
    BIN_6              2.471      0.336      7.349      0.000
    BIN_7              0.874      0.134      6.528      0.000
    BIN_8              1.354      0.174      7.775      0.000
    BIN_9              1.611      0.201      8.026      0.000
    BIN_10           999.000      0.000    999.000    999.000
    BIN_11             2.323      0.297      7.827      0.000
    BIN_12             2.761      0.378      7.308      0.000

 BIN_10     ON
    AGECENT           -0.050      0.145     -0.347      0.729
    GENEFF            -0.048      0.182     -0.265      0.791
    STUDYEFF           0.018      0.214      0.085      0.933

 Means
    ETA                0.000      0.000    999.000    999.000

 Thresholds
    BIN_1$1            0.665      0.115      5.771      0.000
    BIN_2$1            1.028      0.149      6.918      0.000
    BIN_3$1            0.703      0.119      5.913      0.000
    BIN_4$1            1.849      0.227      8.135      0.000
    BIN_5$1            1.709      0.202      8.472      0.000
    BIN_6$1            2.677      0.308      8.701      0.000
    BIN_7$1            0.414      0.107      3.873      0.000
    BIN_8$1            1.003      0.138      7.292      0.000
    BIN_9$1            1.223      0.157      7.785      0.000
    BIN_10$1           1.573      0.212      7.412      0.000
    BIN_11$1           2.052      0.243      8.438      0.000
    BIN_12$1           2.667      0.327      8.147      0.000

 Variances
    ETA                1.000      0.000    999.000    999.000

New/Additional Parameters
    L10_00             1.950      0.281      6.929      0.000
    L10_1              0.155      0.180      0.865      0.387
    L10_2              0.130      0.245      0.531      0.596
    L10_3             -0.185      0.295     -0.628      0.530


LOGISTIC REGRESSION ODDS RATIO RESULTS

 BIN_10     ON
    AGECENT            0.951
    GENEFF             0.953
    STUDYEFF           1.018


QUALITY OF NUMERICAL RESULTS

     Condition Number for the Information Matrix              0.434E-02
       (ratio of smallest to largest eigenvalue)


TECHNICAL 1 OUTPUT


     PARAMETER SPECIFICATION


           TAU
              BIN_1$1       BIN_2$1       BIN_3$1       BIN_4$1       BIN_5$1
              ________      ________      ________      ________      ________
 1                 16            17            18            19            20


           TAU
              BIN_6$1       BIN_7$1       BIN_8$1       BIN_9$1       BIN_10$1
              ________      ________      ________      ________      ________
 1                 21            22            23            24            25


           TAU
              BIN_11$1      BIN_12$1
              ________      ________
 1                 26            27


           NU
              BIN_1         BIN_2         BIN_3         BIN_4         BIN_5
              ________      ________      ________      ________      ________
 1                  0             0             0             0             0


           NU
              BIN_6         BIN_7         BIN_8         BIN_9         BIN_10
              ________      ________      ________      ________      ________
 1                  0             0             0             0             0


           NU
              BIN_11        BIN_12        AGECENT       GENEFF        STUDYEFF
              ________      ________      ________      ________      ________
 1                  0             0             0             0             0


           LAMBDA
              ETA           BIN_10        AGECENT       GENEFF        STUDYEFF
              ________      ________      ________      ________      ________
 BIN_1              1             0             0             0             0
 BIN_2              2             0             0             0             0
 BIN_3              3             0             0             0             0
 BIN_4              4             0             0             0             0
 BIN_5              5             0             0             0             0
 BIN_6              6             0             0             0             0
 BIN_7              7             0             0             0             0
 BIN_8              8             0             0             0             0
 BIN_9              9             0             0             0             0
 BIN_10             0             0             0             0             0
 BIN_11            10             0             0             0             0
 BIN_12            11             0             0             0             0
 AGECENT            0             0             0             0             0
 GENEFF             0             0             0             0             0
 STUDYEFF           0             0             0             0             0


           THETA
              BIN_1         BIN_2         BIN_3         BIN_4         BIN_5
              ________      ________      ________      ________      ________
 BIN_1              0
 BIN_2              0             0
 BIN_3              0             0             0
 BIN_4              0             0             0             0
 BIN_5              0             0             0             0             0
 BIN_6              0             0             0             0             0
 BIN_7              0             0             0             0             0
 BIN_8              0             0             0             0             0
 BIN_9              0             0             0             0             0
 BIN_10             0             0             0             0             0
 BIN_11             0             0             0             0             0
 BIN_12             0             0             0             0             0
 AGECENT            0             0             0             0             0
 GENEFF             0             0             0             0             0
 STUDYEFF           0             0             0             0             0


           THETA
              BIN_6         BIN_7         BIN_8         BIN_9         BIN_10
              ________      ________      ________      ________      ________
 BIN_6              0
 BIN_7              0             0
 BIN_8              0             0             0
 BIN_9              0             0             0             0
 BIN_10             0             0             0             0             0
 BIN_11             0             0             0             0             0
 BIN_12             0             0             0             0             0
 AGECENT            0             0             0             0             0
 GENEFF             0             0             0             0             0
 STUDYEFF           0             0             0             0             0


           THETA
              BIN_11        BIN_12        AGECENT       GENEFF        STUDYEFF
              ________      ________      ________      ________      ________
 BIN_11             0
 BIN_12             0             0
 AGECENT            0             0             0
 GENEFF             0             0             0             0
 STUDYEFF           0             0             0             0             0


           ALPHA
              ETA           BIN_10        AGECENT       GENEFF        STUDYEFF
              ________      ________      ________      ________      ________
 1                  0             0             0             0             0


           BETA
              ETA           BIN_10        AGECENT       GENEFF        STUDYEFF
              ________      ________      ________      ________      ________
 ETA                0             0             0             0             0
 BIN_10            12             0            13            14            15
 AGECENT            0             0             0             0             0
 GENEFF             0             0             0             0             0
 STUDYEFF           0             0             0             0             0


           PSI
              ETA           BIN_10        AGECENT       GENEFF        STUDYEFF
              ________      ________      ________      ________      ________
 ETA                0
 BIN_10             0             0
 AGECENT            0             0             0
 GENEFF             0             0             0             0
 STUDYEFF           0             0             0             0             0


     PARAMETER SPECIFICATION FOR THE ADDITIONAL PARAMETERS


           NEW/ADDITIONAL PARAMETERS
              L10_00        L10_1         L10_2         L10_3
              ________      ________      ________      ________
 1                 28            29            30            31


     STARTING VALUES


           TAU
              BIN_1$1       BIN_2$1       BIN_3$1       BIN_4$1       BIN_5$1
              ________      ________      ________      ________      ________
 1              0.549         0.708         0.567         1.036         1.046


           TAU
              BIN_6$1       BIN_7$1       BIN_8$1       BIN_9$1       BIN_10$1
              ________      ________      ________      ________      ________
 1              1.450         0.356         0.745         0.838         0.974


           TAU
              BIN_11$1      BIN_12$1
              ________      ________
 1              1.142         1.325


           NU
              BIN_1         BIN_2         BIN_3         BIN_4         BIN_5
              ________      ________      ________      ________      ________
 1              0.000         0.000         0.000         0.000         0.000


           NU
              BIN_6         BIN_7         BIN_8         BIN_9         BIN_10
              ________      ________      ________      ________      ________
 1              0.000         0.000         0.000         0.000         0.000


           NU
              BIN_11        BIN_12        AGECENT       GENEFF        STUDYEFF
              ________      ________      ________      ________      ________
 1              0.000         0.000         0.000         0.000         0.000


           LAMBDA
              ETA           BIN_10        AGECENT       GENEFF        STUDYEFF
              ________      ________      ________      ________      ________
 BIN_1          1.000         0.000         0.000         0.000         0.000
 BIN_2          1.000         0.000         0.000         0.000         0.000
 BIN_3          1.000         0.000         0.000         0.000         0.000
 BIN_4          1.000         0.000         0.000         0.000         0.000
 BIN_5          1.000         0.000         0.000         0.000         0.000
 BIN_6          1.000         0.000         0.000         0.000         0.000
 BIN_7          1.000         0.000         0.000         0.000         0.000
 BIN_8          1.000         0.000         0.000         0.000         0.000
 BIN_9          1.000         0.000         0.000         0.000         0.000
 BIN_10         0.000         1.000         0.000         0.000         0.000
 BIN_11         1.000         0.000         0.000         0.000         0.000
 BIN_12         1.000         0.000         0.000         0.000         0.000
 AGECENT        0.000         0.000         1.000         0.000         0.000
 GENEFF         0.000         0.000         0.000         1.000         0.000
 STUDYEFF       0.000         0.000         0.000         0.000         1.000


           THETA
              BIN_1         BIN_2         BIN_3         BIN_4         BIN_5
              ________      ________      ________      ________      ________
 BIN_1          1.000
 BIN_2          0.000         1.000
 BIN_3          0.000         0.000         1.000
 BIN_4          0.000         0.000         0.000         1.000
 BIN_5          0.000         0.000         0.000         0.000         1.000
 BIN_6          0.000         0.000         0.000         0.000         0.000
 BIN_7          0.000         0.000         0.000         0.000         0.000
 BIN_8          0.000         0.000         0.000         0.000         0.000
 BIN_9          0.000         0.000         0.000         0.000         0.000
 BIN_10         0.000         0.000         0.000         0.000         0.000
 BIN_11         0.000         0.000         0.000         0.000         0.000
 BIN_12         0.000         0.000         0.000         0.000         0.000
 AGECENT        0.000         0.000         0.000         0.000         0.000
 GENEFF         0.000         0.000         0.000         0.000         0.000
 STUDYEFF       0.000         0.000         0.000         0.000         0.000


           THETA
              BIN_6         BIN_7         BIN_8         BIN_9         BIN_10
              ________      ________      ________      ________      ________
 BIN_6          1.000
 BIN_7          0.000         1.000
 BIN_8          0.000         0.000         1.000
 BIN_9          0.000         0.000         0.000         1.000
 BIN_10         0.000         0.000         0.000         0.000         0.000
 BIN_11         0.000         0.000         0.000         0.000         0.000
 BIN_12         0.000         0.000         0.000         0.000         0.000
 AGECENT        0.000         0.000         0.000         0.000         0.000
 GENEFF         0.000         0.000         0.000         0.000         0.000
 STUDYEFF       0.000         0.000         0.000         0.000         0.000


           THETA
              BIN_11        BIN_12        AGECENT       GENEFF        STUDYEFF
              ________      ________      ________      ________      ________
 BIN_11         1.000
 BIN_12         0.000         1.000
 AGECENT        0.000         0.000         0.000
 GENEFF         0.000         0.000         0.000         0.000
 STUDYEFF       0.000         0.000         0.000         0.000         0.000


           ALPHA
              ETA           BIN_10        AGECENT       GENEFF        STUDYEFF
              ________      ________      ________      ________      ________
 1              0.000         0.000         0.000         0.000         0.000


           BETA
              ETA           BIN_10        AGECENT       GENEFF        STUDYEFF
              ________      ________      ________      ________      ________
 ETA            0.000         0.000         0.000         0.000         0.000
 BIN_10         1.000         0.000         0.000         0.000         0.000
 AGECENT        0.000         0.000         0.000         0.000         0.000
 GENEFF         0.000         0.000         0.000         0.000         0.000
 STUDYEFF       0.000         0.000         0.000         0.000         0.000


           PSI
              ETA           BIN_10        AGECENT       GENEFF        STUDYEFF
              ________      ________      ________      ________      ________
 ETA            1.000
 BIN_10         0.000         1.000
 AGECENT        0.000         0.000         1.091
 GENEFF         0.000         0.000         0.000         0.500
 STUDYEFF       0.000         0.000         0.000         0.000         0.500


     STARTING VALUES FOR THE ADDITIONAL PARAMETERS


           NEW/ADDITIONAL PARAMETERS
              L10_00        L10_1         L10_2         L10_3
              ________      ________      ________      ________
 1              1.000         0.000         0.000         0.000


     Beginning Time:  18:36:22
        Ending Time:  18:36:43
       Elapsed Time:  00:00:21



MUTHEN & MUTHEN
3463 Stoner Ave.
Los Angeles, CA  90066

Tel: (310) 391-9971
Fax: (310) 391-8971
Web: www.StatModel.com
Support: Support@StatModel.com

Copyright (c) 1998-2015 Muthen & Muthen
