Mplus VERSION 8.3
MUTHEN & MUTHEN
06/22/2021   4:28 PM

INPUT INSTRUCTIONS

  TITLE: Scoring Model
  DATA: FILE = "full.dat";
  VARIABLE:
  NAMES = ID BIN_1 BIN_2 BIN_3 BIN_4 BIN_5 BIN_6 BIN_7 BIN_8 BIN_9 BIN_10 BIN_11
       BIN_12 AGE GENDER STUDY;
  MISSING=.;
  !
  !
  !
  USEVARIABLES= BIN_1 BIN_2 BIN_3 BIN_4 BIN_5 BIN_6 BIN_7 BIN_8 BIN_9 BIN_10 BIN_11 BIN_12
   AGE STUDY GENDER;
  AUXILIARY=ID;
  !
  CATEGORICAL= BIN_1 BIN_2 BIN_3 BIN_4 BIN_5 BIN_6 BIN_7 BIN_8 BIN_9 BIN_10 BIN_11 BIN_12 ;
  !
  CONSTRAINT= AGE ;
  ANALYSIS: ESTIMATOR=ML;ALGORITHM=INTEGRATION;INTEGRATION=MONTECARLO;PROCESSORS=4;
  MODEL: [ETA@0];ETA*(veta);
  ETA BY BIN_1 @0.868;
  ETA BY BIN_2 @1.422;
  ETA BY BIN_3 @1.227;
  ETA BY BIN_4 @1.985;
  ETA BY BIN_5 @1.992;
  ETA BY BIN_6 @2.039;
  ETA BY BIN_7 @0.763;
  ETA BY BIN_8 @1.182;
  ETA BY BIN_9 @1.291;
  ETA BY BIN_10 @1.524;
  ETA BY BIN_11 @1.996;
  ETA BY BIN_12 @2.218;
  ETA ON AGE@0.44;
  ETA ON STUDY@0.631;
  BIN_2 ON GENDER@-1.027;
  BIN_2 ON STUDY@0.873;
  BIN_3 ON GENDER@1.009;
  BIN_3 ON STUDY@1.507;
  BIN_5 ON GENDER@-1.287;
  BIN_5 ON STUDY@1.506;
  [BIN_1$1@0.567];
  [BIN_2$1@1.014];
  [BIN_3$1@1.279];
  [BIN_4$1@1.643];
  [BIN_5$1@2.05];
  [BIN_6$1@2.405];
  [BIN_7$1@0.328];
  [BIN_8$1@0.877];
  [BIN_9$1@1.037];
  [BIN_10$1@1.324];
  [BIN_11$1@1.836];
  [BIN_12$1@2.312];
  MODEL CONSTRAINT:
  veta=1*exp(
  0.165*AGE+
  0);
  !
  !
  OUTPUT: tech1;
  SAVEDATA: SAVE=FSCORES; FILE=scores.dat; format = f15.3;



INPUT READING TERMINATED NORMALLY



Scoring Model

SUMMARY OF ANALYSIS

Number of groups                                                 1
Number of observations                                         500

Number of dependent variables                                   12
Number of independent variables                                  3
Number of continuous latent variables                            1

Observed dependent variables

  Binary and ordered categorical (ordinal)
   BIN_1       BIN_2       BIN_3       BIN_4       BIN_5       BIN_6
   BIN_7       BIN_8       BIN_9       BIN_10      BIN_11      BIN_12

Observed independent variables
   AGE         STUDY       GENDER

Observed auxiliary variables
   ID

Continuous latent variables
   ETA


Estimator                                                       ML
Information matrix                                        OBSERVED
Optimization Specifications for the Quasi-Newton Algorithm for
Continuous Outcomes
  Maximum number of iterations                                 100
  Convergence criterion                                  0.100D-05
Optimization Specifications for the EM Algorithm
  Maximum number of iterations                                 500
  Convergence criteria
    Loglikelihood change                                 0.100D-02
    Relative loglikelihood change                        0.100D-05
    Derivative                                           0.100D-02
Optimization Specifications for the M step of the EM Algorithm for
Categorical Latent variables
  Number of M step iterations                                    1
  M step convergence criterion                           0.100D-02
  Basis for M step termination                           ITERATION
Optimization Specifications for the M step of the EM Algorithm for
Censored, Binary or Ordered Categorical (Ordinal), Unordered
Categorical (Nominal) and Count Outcomes
  Number of M step iterations                                    1
  M step convergence criterion                           0.100D-02
  Basis for M step termination                           ITERATION
  Maximum value for logit thresholds                            15
  Minimum value for logit thresholds                           -15
  Minimum expected cell size for chi-square              0.100D-01
Maximum number of iterations for H1                           2000
Convergence criterion for H1                             0.100D-03
Optimization algorithm                                         EMA
Integration Specifications
  Type                                                  MONTECARLO
  Number of integration points                                1000
  Dimensions of numerical integration                            1
  Adaptive quadrature                                           ON
  Monte Carlo integration seed                                   0
Link                                                         LOGIT
Cholesky                                                        ON

Input data file(s)
  full.dat
Input data format  FREE


SUMMARY OF DATA

     Number of missing data patterns             1
     Number of y missing data patterns           0
     Number of u missing data patterns           1


COVARIANCE COVERAGE OF DATA

Minimum covariance coverage value   0.100


UNIVARIATE PROPORTIONS AND COUNTS FOR CATEGORICAL VARIABLES

    BIN_1
      Category 1    0.634          317.000
      Category 2    0.366          183.000
    BIN_2
      Category 1    0.670          335.000
      Category 2    0.330          165.000
    BIN_3
      Category 1    0.638          319.000
      Category 2    0.362          181.000
    BIN_4
      Category 1    0.738          369.000
      Category 2    0.262          131.000
    BIN_5
      Category 1    0.740          370.000
      Category 2    0.260          130.000
    BIN_6
      Category 1    0.810          405.000
      Category 2    0.190           95.000
    BIN_7
      Category 1    0.588          294.000
      Category 2    0.412          206.000
    BIN_8
      Category 1    0.678          339.000
      Category 2    0.322          161.000
    BIN_9
      Category 1    0.698          349.000
      Category 2    0.302          151.000
    BIN_10
      Category 1    0.726          363.000
      Category 2    0.274          137.000
    BIN_11
      Category 1    0.758          379.000
      Category 2    0.242          121.000
    BIN_12
      Category 1    0.790          395.000
      Category 2    0.210          105.000



UNIVARIATE SAMPLE STATISTICS


     UNIVARIATE HIGHER-ORDER MOMENT DESCRIPTIVE STATISTICS

         Variable/         Mean/     Skewness/   Minimum/ % with                Percentiles
        Sample Size      Variance    Kurtosis    Maximum  Min/Max      20%/60%    40%/80%    Median

     AGE                  -0.302       0.223      -4.000    0.60%      -2.000     -1.000      0.000
             500.000       2.183      -0.195       4.000    0.60%       0.000      1.000
     STUDY                 0.000       0.000      -1.000   50.00%      -1.000     -1.000      0.000
             500.000       1.000      -2.000       1.000   50.00%       1.000      1.000
     GENDER                0.024      -0.048      -1.000   48.80%      -1.000     -1.000      1.000
             500.000       0.999      -1.998       1.000   51.20%       1.000      1.000


THE MODEL ESTIMATION TERMINATED NORMALLY



MODEL FIT INFORMATION

Number of Free Parameters                        0

Loglikelihood

          H0 Value                       -2745.282

Information Criteria

          Akaike (AIC)                    5490.564
          Bayesian (BIC)                  5490.564
          Sample-Size Adjusted BIC        5490.564
            (n* = (n + 2) / 24)



MODEL RESULTS

                                                    Two-Tailed
                    Estimate       S.E.  Est./S.E.    P-Value

 ETA      BY
    BIN_1              0.868      0.000    999.000    999.000
    BIN_2              1.422      0.000    999.000    999.000
    BIN_3              1.227      0.000    999.000    999.000
    BIN_4              1.985      0.000    999.000    999.000
    BIN_5              1.992      0.000    999.000    999.000
    BIN_6              2.039      0.000    999.000    999.000
    BIN_7              0.763      0.000    999.000    999.000
    BIN_8              1.182      0.000    999.000    999.000
    BIN_9              1.291      0.000    999.000    999.000
    BIN_10             1.524      0.000    999.000    999.000
    BIN_11             1.996      0.000    999.000    999.000
    BIN_12             2.218      0.000    999.000    999.000

 ETA        ON
    AGE                0.440      0.000    999.000    999.000
    STUDY              0.631      0.000    999.000    999.000

 BIN_2      ON
    GENDER            -1.027      0.000    999.000    999.000
    STUDY              0.873      0.000    999.000    999.000

 BIN_3      ON
    GENDER             1.009      0.000    999.000    999.000
    STUDY              1.507      0.000    999.000    999.000

 BIN_5      ON
    GENDER            -1.287      0.000    999.000    999.000
    STUDY              1.506      0.000    999.000    999.000

 Intercepts
    ETA                0.000      0.000    999.000    999.000

 Thresholds
    BIN_1$1            0.567      0.000    999.000    999.000
    BIN_2$1            1.014      0.000    999.000    999.000
    BIN_3$1            1.279      0.000    999.000    999.000
    BIN_4$1            1.643      0.000    999.000    999.000
    BIN_5$1            2.050      0.000    999.000    999.000
    BIN_6$1            2.405      0.000    999.000    999.000
    BIN_7$1            0.328      0.000    999.000    999.000
    BIN_8$1            0.877      0.000    999.000    999.000
    BIN_9$1            1.037      0.000    999.000    999.000
    BIN_10$1           1.324      0.000    999.000    999.000
    BIN_11$1           1.836      0.000    999.000    999.000
    BIN_12$1           2.312      0.000    999.000    999.000

 Residual Variances
    ETA              999.000      0.000    999.000    999.000


LOGISTIC REGRESSION ODDS RATIO RESULTS

                                         (Est. - 1) Two-Tailed
                    Estimate       S.E.     / S.E.    P-Value

 BIN_2      ON
    GENDER             0.358      0.000    999.000    999.000
    STUDY              2.394      0.000    999.000    999.000

 BIN_3      ON
    GENDER             2.743      0.000    999.000    999.000
    STUDY              4.513      0.000    999.000    999.000

 BIN_5      ON
    GENDER             0.276      0.000    999.000    999.000
    STUDY              4.509      0.000    999.000    999.000


QUALITY OF NUMERICAL RESULTS

     Condition Number for the Information Matrix              0.100E+01
       (ratio of smallest to largest eigenvalue)


TECHNICAL 1 OUTPUT


     PARAMETER SPECIFICATION


           TAU
              BIN_1$1       BIN_2$1       BIN_3$1       BIN_4$1       BIN_5$1
              ________      ________      ________      ________      ________
                    0             0             0             0             0


           TAU
              BIN_6$1       BIN_7$1       BIN_8$1       BIN_9$1       BIN_10$1
              ________      ________      ________      ________      ________
                    0             0             0             0             0


           TAU
              BIN_11$1      BIN_12$1
              ________      ________
                    0             0


           NU
              BIN_1         BIN_2         BIN_3         BIN_4         BIN_5
              ________      ________      ________      ________      ________
                    0             0             0             0             0


           NU
              BIN_6         BIN_7         BIN_8         BIN_9         BIN_10
              ________      ________      ________      ________      ________
                    0             0             0             0             0


           NU
              BIN_11        BIN_12        AGE           STUDY         GENDER
              ________      ________      ________      ________      ________
                    0             0             0             0             0


           LAMBDA
              ETA           BIN_2         BIN_3         BIN_5         AGE
              ________      ________      ________      ________      ________
 BIN_1              0             0             0             0             0
 BIN_2              0             0             0             0             0
 BIN_3              0             0             0             0             0
 BIN_4              0             0             0             0             0
 BIN_5              0             0             0             0             0
 BIN_6              0             0             0             0             0
 BIN_7              0             0             0             0             0
 BIN_8              0             0             0             0             0
 BIN_9              0             0             0             0             0
 BIN_10             0             0             0             0             0
 BIN_11             0             0             0             0             0
 BIN_12             0             0             0             0             0
 AGE                0             0             0             0             0
 STUDY              0             0             0             0             0
 GENDER             0             0             0             0             0


           LAMBDA
              STUDY         GENDER
              ________      ________
 BIN_1              0             0
 BIN_2              0             0
 BIN_3              0             0
 BIN_4              0             0
 BIN_5              0             0
 BIN_6              0             0
 BIN_7              0             0
 BIN_8              0             0
 BIN_9              0             0
 BIN_10             0             0
 BIN_11             0             0
 BIN_12             0             0
 AGE                0             0
 STUDY              0             0
 GENDER             0             0


           THETA
              BIN_1         BIN_2         BIN_3         BIN_4         BIN_5
              ________      ________      ________      ________      ________
 BIN_1              0
 BIN_2              0             0
 BIN_3              0             0             0
 BIN_4              0             0             0             0
 BIN_5              0             0             0             0             0
 BIN_6              0             0             0             0             0
 BIN_7              0             0             0             0             0
 BIN_8              0             0             0             0             0
 BIN_9              0             0             0             0             0
 BIN_10             0             0             0             0             0
 BIN_11             0             0             0             0             0
 BIN_12             0             0             0             0             0
 AGE                0             0             0             0             0
 STUDY              0             0             0             0             0
 GENDER             0             0             0             0             0


           THETA
              BIN_6         BIN_7         BIN_8         BIN_9         BIN_10
              ________      ________      ________      ________      ________
 BIN_6              0
 BIN_7              0             0
 BIN_8              0             0             0
 BIN_9              0             0             0             0
 BIN_10             0             0             0             0             0
 BIN_11             0             0             0             0             0
 BIN_12             0             0             0             0             0
 AGE                0             0             0             0             0
 STUDY              0             0             0             0             0
 GENDER             0             0             0             0             0


           THETA
              BIN_11        BIN_12        AGE           STUDY         GENDER
              ________      ________      ________      ________      ________
 BIN_11             0
 BIN_12             0             0
 AGE                0             0             0
 STUDY              0             0             0             0
 GENDER             0             0             0             0             0


           ALPHA
              ETA           BIN_2         BIN_3         BIN_5         AGE
              ________      ________      ________      ________      ________
                    0             0             0             0             0


           ALPHA
              STUDY         GENDER
              ________      ________
                    0             0


           BETA
              ETA           BIN_2         BIN_3         BIN_5         AGE
              ________      ________      ________      ________      ________
 ETA                0             0             0             0             0
 BIN_2              0             0             0             0             0
 BIN_3              0             0             0             0             0
 BIN_5              0             0             0             0             0
 AGE                0             0             0             0             0
 STUDY              0             0             0             0             0
 GENDER             0             0             0             0             0


           BETA
              STUDY         GENDER
              ________      ________
 ETA                0             0
 BIN_2              0             0
 BIN_3              0             0
 BIN_5              0             0
 AGE                0             0
 STUDY              0             0
 GENDER             0             0


           PSI
              ETA           BIN_2         BIN_3         BIN_5         AGE
              ________      ________      ________      ________      ________
 ETA                1
 BIN_2              0             0
 BIN_3              0             0             0
 BIN_5              0             0             0             0
 AGE                0             0             0             0             0
 STUDY              0             0             0             0             0
 GENDER             0             0             0             0             0


           PSI
              STUDY         GENDER
              ________      ________
 STUDY              0
 GENDER             0             0


     STARTING VALUES


           TAU
              BIN_1$1       BIN_2$1       BIN_3$1       BIN_4$1       BIN_5$1
              ________      ________      ________      ________      ________
                0.567         1.014         1.279         1.643         2.050


           TAU
              BIN_6$1       BIN_7$1       BIN_8$1       BIN_9$1       BIN_10$1
              ________      ________      ________      ________      ________
                2.405         0.328         0.877         1.037         1.324


           TAU
              BIN_11$1      BIN_12$1
              ________      ________
                1.836         2.312


           NU
              BIN_1         BIN_2         BIN_3         BIN_4         BIN_5
              ________      ________      ________      ________      ________
                0.000         0.000         0.000         0.000         0.000


           NU
              BIN_6         BIN_7         BIN_8         BIN_9         BIN_10
              ________      ________      ________      ________      ________
                0.000         0.000         0.000         0.000         0.000


           NU
              BIN_11        BIN_12        AGE           STUDY         GENDER
              ________      ________      ________      ________      ________
                0.000         0.000         0.000         0.000         0.000


           LAMBDA
              ETA           BIN_2         BIN_3         BIN_5         AGE
              ________      ________      ________      ________      ________
 BIN_1          0.868         0.000         0.000         0.000         0.000
 BIN_2          0.000         1.000         0.000         0.000         0.000
 BIN_3          0.000         0.000         1.000         0.000         0.000
 BIN_4          1.985         0.000         0.000         0.000         0.000
 BIN_5          0.000         0.000         0.000         1.000         0.000
 BIN_6          2.039         0.000         0.000         0.000         0.000
 BIN_7          0.763         0.000         0.000         0.000         0.000
 BIN_8          1.182         0.000         0.000         0.000         0.000
 BIN_9          1.291         0.000         0.000         0.000         0.000
 BIN_10         1.524         0.000         0.000         0.000         0.000
 BIN_11         1.996         0.000         0.000         0.000         0.000
 BIN_12         2.218         0.000         0.000         0.000         0.000
 AGE            0.000         0.000         0.000         0.000         1.000
 STUDY          0.000         0.000         0.000         0.000         0.000
 GENDER         0.000         0.000         0.000         0.000         0.000


           LAMBDA
              STUDY         GENDER
              ________      ________
 BIN_1          0.000         0.000
 BIN_2          0.000         0.000
 BIN_3          0.000         0.000
 BIN_4          0.000         0.000
 BIN_5          0.000         0.000
 BIN_6          0.000         0.000
 BIN_7          0.000         0.000
 BIN_8          0.000         0.000
 BIN_9          0.000         0.000
 BIN_10         0.000         0.000
 BIN_11         0.000         0.000
 BIN_12         0.000         0.000
 AGE            0.000         0.000
 STUDY          1.000         0.000
 GENDER         0.000         1.000


           THETA
              BIN_1         BIN_2         BIN_3         BIN_4         BIN_5
              ________      ________      ________      ________      ________
 BIN_1          1.000
 BIN_2          0.000         0.000
 BIN_3          0.000         0.000         0.000
 BIN_4          0.000         0.000         0.000         1.000
 BIN_5          0.000         0.000         0.000         0.000         0.000
 BIN_6          0.000         0.000         0.000         0.000         0.000
 BIN_7          0.000         0.000         0.000         0.000         0.000
 BIN_8          0.000         0.000         0.000         0.000         0.000
 BIN_9          0.000         0.000         0.000         0.000         0.000
 BIN_10         0.000         0.000         0.000         0.000         0.000
 BIN_11         0.000         0.000         0.000         0.000         0.000
 BIN_12         0.000         0.000         0.000         0.000         0.000
 AGE            0.000         0.000         0.000         0.000         0.000
 STUDY          0.000         0.000         0.000         0.000         0.000
 GENDER         0.000         0.000         0.000         0.000         0.000


           THETA
              BIN_6         BIN_7         BIN_8         BIN_9         BIN_10
              ________      ________      ________      ________      ________
 BIN_6          1.000
 BIN_7          0.000         1.000
 BIN_8          0.000         0.000         1.000
 BIN_9          0.000         0.000         0.000         1.000
 BIN_10         0.000         0.000         0.000         0.000         1.000
 BIN_11         0.000         0.000         0.000         0.000         0.000
 BIN_12         0.000         0.000         0.000         0.000         0.000
 AGE            0.000         0.000         0.000         0.000         0.000
 STUDY          0.000         0.000         0.000         0.000         0.000
 GENDER         0.000         0.000         0.000         0.000         0.000


           THETA
              BIN_11        BIN_12        AGE           STUDY         GENDER
              ________      ________      ________      ________      ________
 BIN_11         1.000
 BIN_12         0.000         1.000
 AGE            0.000         0.000         0.000
 STUDY          0.000         0.000         0.000         0.000
 GENDER         0.000         0.000         0.000         0.000         0.000


           ALPHA
              ETA           BIN_2         BIN_3         BIN_5         AGE
              ________      ________      ________      ________      ________
                0.000         0.000         0.000         0.000         0.000


           ALPHA
              STUDY         GENDER
              ________      ________
                0.000         0.000


           BETA
              ETA           BIN_2         BIN_3         BIN_5         AGE
              ________      ________      ________      ________      ________
 ETA            0.000         0.000         0.000         0.000         0.440
 BIN_2          1.422         0.000         0.000         0.000         0.000
 BIN_3          1.227         0.000         0.000         0.000         0.000
 BIN_5          1.992         0.000         0.000         0.000         0.000
 AGE            0.000         0.000         0.000         0.000         0.000
 STUDY          0.000         0.000         0.000         0.000         0.000
 GENDER         0.000         0.000         0.000         0.000         0.000


           BETA
              STUDY         GENDER
              ________      ________
 ETA            0.631         0.000
 BIN_2          0.873        -1.027
 BIN_3          1.507         1.009
 BIN_5          1.506        -1.287
 AGE            0.000         0.000
 STUDY          0.000         0.000
 GENDER         0.000         0.000


           PSI
              ETA           BIN_2         BIN_3         BIN_5         AGE
              ________      ________      ________      ________      ________
 ETA            0.050
 BIN_2          0.000         1.000
 BIN_3          0.000         0.000         1.000
 BIN_5          0.000         0.000         0.000         1.000
 AGE            0.000         0.000         0.000         0.000         1.091
 STUDY          0.000         0.000         0.000         0.000         0.000
 GENDER         0.000         0.000         0.000         0.000         0.000


           PSI
              STUDY         GENDER
              ________      ________
 STUDY          0.500
 GENDER         0.000         0.500


SAMPLE STATISTICS FOR ESTIMATED FACTOR SCORES


     SAMPLE STATISTICS


           Means
              ETA           ETA_SE
              ________      ________
               -0.119         0.518


           Covariances
              ETA           ETA_SE
              ________      ________
 ETA            1.129
 ETA_SE        -0.107         0.017


           Correlations
              ETA           ETA_SE
              ________      ________
 ETA            1.000
 ETA_SE        -0.776         1.000


SAVEDATA INFORMATION


  Save file
    scores.dat

  Order and format of variables

    BIN_1          F15.3
    BIN_2          F15.3
    BIN_3          F15.3
    BIN_4          F15.3
    BIN_5          F15.3
    BIN_6          F15.3
    BIN_7          F15.3
    BIN_8          F15.3
    BIN_9          F15.3
    BIN_10         F15.3
    BIN_11         F15.3
    BIN_12         F15.3
    AGE            F15.3
    STUDY          F15.3
    GENDER         F15.3
    ID             F15.3
    ETA            F15.3
    ETA_SE         F15.3

  Save file format
    18F15.3

  Save file record length    10000


DIAGRAM INFORMATION

  Use View Diagram under the Diagram menu in the Mplus Editor to view the diagram.
  If running Mplus from the Mplus Diagrammer, the diagram opens automatically.

  Diagram output
    c:\users\colev\dropbox\amnlfa_12212017\amnlfa_updated\amnlfa\inst\extdata\scoring.dgm

     Beginning Time:  16:28:38
        Ending Time:  16:28:50
       Elapsed Time:  00:00:12



MUTHEN & MUTHEN
3463 Stoner Ave.
Los Angeles, CA  90066

Tel: (310) 391-9971
Fax: (310) 391-8971
Web: www.StatModel.com
Support: Support@StatModel.com

Copyright (c) 1998-2019 Muthen & Muthen
