Mplus VERSION 7.4
MUTHEN & MUTHEN
03/05/2018   6:38 PM

INPUT INSTRUCTIONS

  TITLE: Measurement Invariance Model for BIN_4
  DATA: FILE = "Z:/Real U Study/Staff folders/Michael Giordano/2018
   spring/amnlfa/calibration.dat";
  VARIABLE:
  NAMES = ID BIN_1 BIN_2 BIN_3 BIN_4 BIN_5 BIN_6 BIN_7 BIN_8 BIN_9 BIN_10 BIN_11
       BIN_12 AGECENT GENEFF STUDYEFF;
  MISSING=.;
  !
  !
  !
  USEVARIABLES= BIN_1 BIN_2 BIN_3 BIN_4 BIN_5 BIN_6 BIN_7 BIN_8 BIN_9 BIN_10 BIN_11 BIN_12
   AGECENT GENEFF STUDYEFF ;
  AUXILIARY= ;
  CATEGORICAL= BIN_1 BIN_2 BIN_3 BIN_4 BIN_5 BIN_6 BIN_7 BIN_8 BIN_9 BIN_10 BIN_11 BIN_12 ;
  !
  CONSTRAINT= AGECENT GENEFF STUDYEFF ;
  ANALYSIS: ESTIMATOR=ML;ALGORITHM=INTEGRATION;INTEGRATION=MONTECARLO;PROCESSORS=4;
  MODEL: [ETA@0]; ETA@1;
  ETA BY BIN_1*(l1);
  ETA BY BIN_2*(l2);
  ETA BY BIN_3*(l3);
  ETA BY BIN_4*(l4);
  ETA BY BIN_5*(l5);
  ETA BY BIN_6*(l6);
  ETA BY BIN_7*(l7);
  ETA BY BIN_8*(l8);
  ETA BY BIN_9*(l9);
  ETA BY BIN_10*(l10);
  ETA BY BIN_11*(l11);
  ETA BY BIN_12*(l12);
  BIN_4 on AGECENT GENEFF STUDYEFF;
  MODEL CONSTRAINT: new(
  l4_00*1
  l4_1*0
  l4_2*0
  l4_3*0
  );
  l4=l4_00
  +l4_1*AGECENT
  +l4_2*GENEFF
  +l4_3*STUDYEFF
  ;
  OUTPUT: tech1;



INPUT READING TERMINATED NORMALLY



Measurement Invariance Model for BIN_4

SUMMARY OF ANALYSIS

Number of groups                                                 1
Number of observations                                         500

Number of dependent variables                                   12
Number of independent variables                                  3
Number of continuous latent variables                            1

Observed dependent variables

  Binary and ordered categorical (ordinal)
   BIN_1       BIN_2       BIN_3       BIN_4       BIN_5       BIN_6
   BIN_7       BIN_8       BIN_9       BIN_10      BIN_11      BIN_12

Observed independent variables
   AGECENT     GENEFF      STUDYEFF

Continuous latent variables
   ETA


Estimator                                                       ML
Information matrix                                        OBSERVED
Optimization Specifications for the Quasi-Newton Algorithm for
Continuous Outcomes
  Maximum number of iterations                                 100
  Convergence criterion                                  0.100D-05
Optimization Specifications for the EM Algorithm
  Maximum number of iterations                                 500
  Convergence criteria
    Loglikelihood change                                 0.100D-02
    Relative loglikelihood change                        0.100D-05
    Derivative                                           0.100D-02
Optimization Specifications for the M step of the EM Algorithm for
Categorical Latent variables
  Number of M step iterations                                    1
  M step convergence criterion                           0.100D-02
  Basis for M step termination                           ITERATION
Optimization Specifications for the M step of the EM Algorithm for
Censored, Binary or Ordered Categorical (Ordinal), Unordered
Categorical (Nominal) and Count Outcomes
  Number of M step iterations                                    1
  M step convergence criterion                           0.100D-02
  Basis for M step termination                           ITERATION
  Maximum value for logit thresholds                            15
  Minimum value for logit thresholds                           -15
  Minimum expected cell size for chi-square              0.100D-01
Maximum number of iterations for H1                           2000
Convergence criterion for H1                             0.100D-03
Optimization algorithm                                         EMA
Integration Specifications
  Type                                                  MONTECARLO
  Number of integration points                                1000
  Dimensions of numerical integration                            1
  Adaptive quadrature                                           ON
  Monte Carlo integration seed                                   0
Link                                                         LOGIT
Cholesky                                                        ON

Input data file(s)
  Z:/Real U Study/Staff folders/Michael Giordano/2018spring/amnlfa/calibration.d
Input data format  FREE


SUMMARY OF DATA

     Number of missing data patterns             1
     Number of y missing data patterns           0
     Number of u missing data patterns           1


COVARIANCE COVERAGE OF DATA

Minimum covariance coverage value   0.100


UNIVARIATE PROPORTIONS AND COUNTS FOR CATEGORICAL VARIABLES

    BIN_1
      Category 1    0.634          317.000
      Category 2    0.366          183.000
    BIN_2
      Category 1    0.670          335.000
      Category 2    0.330          165.000
    BIN_3
      Category 1    0.638          319.000
      Category 2    0.362          181.000
    BIN_4
      Category 1    0.738          369.000
      Category 2    0.262          131.000
    BIN_5
      Category 1    0.740          370.000
      Category 2    0.260          130.000
    BIN_6
      Category 1    0.810          405.000
      Category 2    0.190           95.000
    BIN_7
      Category 1    0.588          294.000
      Category 2    0.412          206.000
    BIN_8
      Category 1    0.678          339.000
      Category 2    0.322          161.000
    BIN_9
      Category 1    0.698          349.000
      Category 2    0.302          151.000
    BIN_10
      Category 1    0.726          363.000
      Category 2    0.274          137.000
    BIN_11
      Category 1    0.758          379.000
      Category 2    0.242          121.000
    BIN_12
      Category 1    0.790          395.000
      Category 2    0.210          105.000



THE MODEL ESTIMATION TERMINATED NORMALLY



MODEL FIT INFORMATION

Number of Free Parameters                       30

Loglikelihood

          H0 Value                       -3005.600

Information Criteria

          Akaike (AIC)                    6071.200
          Bayesian (BIC)                  6197.639
          Sample-Size Adjusted BIC        6102.417
            (n* = (n + 2) / 24)



MODEL RESULTS

                                                    Two-Tailed
                    Estimate       S.E.  Est./S.E.    P-Value

 ETA      BY
    BIN_1              1.012      0.145      6.979      0.000
    BIN_2              1.587      0.198      8.017      0.000
    BIN_3              1.109      0.152      7.281      0.000
    BIN_4            999.000      0.000    999.000    999.000
    BIN_5              2.006      0.253      7.937      0.000
    BIN_6              2.434      0.331      7.352      0.000
    BIN_7              0.867      0.133      6.494      0.000
    BIN_8              1.347      0.174      7.750      0.000
    BIN_9              1.611      0.201      8.002      0.000
    BIN_10             1.916      0.240      7.998      0.000
    BIN_11             2.306      0.295      7.806      0.000
    BIN_12             2.748      0.378      7.277      0.000

 BIN_4      ON
    AGECENT            0.459      0.181      2.540      0.011
    GENEFF             0.093      0.228      0.410      0.682
    STUDYEFF           0.014      0.263      0.052      0.958

 Means
    ETA                0.000      0.000    999.000    999.000

 Thresholds
    BIN_1$1            0.665      0.115      5.770      0.000
    BIN_2$1            1.030      0.149      6.910      0.000
    BIN_3$1            0.708      0.120      5.906      0.000
    BIN_4$1            1.728      0.233      7.404      0.000
    BIN_5$1            1.716      0.203      8.445      0.000
    BIN_6$1            2.648      0.303      8.753      0.000
    BIN_7$1            0.412      0.107      3.872      0.000
    BIN_8$1            1.000      0.137      7.293      0.000
    BIN_9$1            1.223      0.157      7.778      0.000
    BIN_10$1           1.559      0.189      8.251      0.000
    BIN_11$1           2.040      0.242      8.444      0.000
    BIN_12$1           2.655      0.326      8.141      0.000

 Variances
    ETA                1.000      0.000    999.000    999.000

New/Additional Parameters
    L4_00              2.209      0.322      6.862      0.000
    L4_1              -0.224      0.235     -0.951      0.341
    L4_2              -0.056      0.304     -0.185      0.853
    L4_3              -0.148      0.361     -0.409      0.683


LOGISTIC REGRESSION ODDS RATIO RESULTS

 BIN_4      ON
    AGECENT            1.583
    GENEFF             1.098
    STUDYEFF           1.014


QUALITY OF NUMERICAL RESULTS

     Condition Number for the Information Matrix              0.526E-02
       (ratio of smallest to largest eigenvalue)


TECHNICAL 1 OUTPUT


     PARAMETER SPECIFICATION


           TAU
              BIN_1$1       BIN_2$1       BIN_3$1       BIN_4$1       BIN_5$1
              ________      ________      ________      ________      ________
 1                 16            17            18            19            20


           TAU
              BIN_6$1       BIN_7$1       BIN_8$1       BIN_9$1       BIN_10$1
              ________      ________      ________      ________      ________
 1                 21            22            23            24            25


           TAU
              BIN_11$1      BIN_12$1
              ________      ________
 1                 26            27


           NU
              BIN_1         BIN_2         BIN_3         BIN_4         BIN_5
              ________      ________      ________      ________      ________
 1                  0             0             0             0             0


           NU
              BIN_6         BIN_7         BIN_8         BIN_9         BIN_10
              ________      ________      ________      ________      ________
 1                  0             0             0             0             0


           NU
              BIN_11        BIN_12        AGECENT       GENEFF        STUDYEFF
              ________      ________      ________      ________      ________
 1                  0             0             0             0             0


           LAMBDA
              ETA           BIN_4         AGECENT       GENEFF        STUDYEFF
              ________      ________      ________      ________      ________
 BIN_1              1             0             0             0             0
 BIN_2              2             0             0             0             0
 BIN_3              3             0             0             0             0
 BIN_4              0             0             0             0             0
 BIN_5              4             0             0             0             0
 BIN_6              5             0             0             0             0
 BIN_7              6             0             0             0             0
 BIN_8              7             0             0             0             0
 BIN_9              8             0             0             0             0
 BIN_10             9             0             0             0             0
 BIN_11            10             0             0             0             0
 BIN_12            11             0             0             0             0
 AGECENT            0             0             0             0             0
 GENEFF             0             0             0             0             0
 STUDYEFF           0             0             0             0             0


           THETA
              BIN_1         BIN_2         BIN_3         BIN_4         BIN_5
              ________      ________      ________      ________      ________
 BIN_1              0
 BIN_2              0             0
 BIN_3              0             0             0
 BIN_4              0             0             0             0
 BIN_5              0             0             0             0             0
 BIN_6              0             0             0             0             0
 BIN_7              0             0             0             0             0
 BIN_8              0             0             0             0             0
 BIN_9              0             0             0             0             0
 BIN_10             0             0             0             0             0
 BIN_11             0             0             0             0             0
 BIN_12             0             0             0             0             0
 AGECENT            0             0             0             0             0
 GENEFF             0             0             0             0             0
 STUDYEFF           0             0             0             0             0


           THETA
              BIN_6         BIN_7         BIN_8         BIN_9         BIN_10
              ________      ________      ________      ________      ________
 BIN_6              0
 BIN_7              0             0
 BIN_8              0             0             0
 BIN_9              0             0             0             0
 BIN_10             0             0             0             0             0
 BIN_11             0             0             0             0             0
 BIN_12             0             0             0             0             0
 AGECENT            0             0             0             0             0
 GENEFF             0             0             0             0             0
 STUDYEFF           0             0             0             0             0


           THETA
              BIN_11        BIN_12        AGECENT       GENEFF        STUDYEFF
              ________      ________      ________      ________      ________
 BIN_11             0
 BIN_12             0             0
 AGECENT            0             0             0
 GENEFF             0             0             0             0
 STUDYEFF           0             0             0             0             0


           ALPHA
              ETA           BIN_4         AGECENT       GENEFF        STUDYEFF
              ________      ________      ________      ________      ________
 1                  0             0             0             0             0


           BETA
              ETA           BIN_4         AGECENT       GENEFF        STUDYEFF
              ________      ________      ________      ________      ________
 ETA                0             0             0             0             0
 BIN_4             12             0            13            14            15
 AGECENT            0             0             0             0             0
 GENEFF             0             0             0             0             0
 STUDYEFF           0             0             0             0             0


           PSI
              ETA           BIN_4         AGECENT       GENEFF        STUDYEFF
              ________      ________      ________      ________      ________
 ETA                0
 BIN_4              0             0
 AGECENT            0             0             0
 GENEFF             0             0             0             0
 STUDYEFF           0             0             0             0             0


     PARAMETER SPECIFICATION FOR THE ADDITIONAL PARAMETERS


           NEW/ADDITIONAL PARAMETERS
              L4_00         L4_1          L4_2          L4_3
              ________      ________      ________      ________
 1                 28            29            30            31


     STARTING VALUES


           TAU
              BIN_1$1       BIN_2$1       BIN_3$1       BIN_4$1       BIN_5$1
              ________      ________      ________      ________      ________
 1              0.549         0.708         0.567         1.036         1.046


           TAU
              BIN_6$1       BIN_7$1       BIN_8$1       BIN_9$1       BIN_10$1
              ________      ________      ________      ________      ________
 1              1.450         0.356         0.745         0.838         0.974


           TAU
              BIN_11$1      BIN_12$1
              ________      ________
 1              1.142         1.325


           NU
              BIN_1         BIN_2         BIN_3         BIN_4         BIN_5
              ________      ________      ________      ________      ________
 1              0.000         0.000         0.000         0.000         0.000


           NU
              BIN_6         BIN_7         BIN_8         BIN_9         BIN_10
              ________      ________      ________      ________      ________
 1              0.000         0.000         0.000         0.000         0.000


           NU
              BIN_11        BIN_12        AGECENT       GENEFF        STUDYEFF
              ________      ________      ________      ________      ________
 1              0.000         0.000         0.000         0.000         0.000


           LAMBDA
              ETA           BIN_4         AGECENT       GENEFF        STUDYEFF
              ________      ________      ________      ________      ________
 BIN_1          1.000         0.000         0.000         0.000         0.000
 BIN_2          1.000         0.000         0.000         0.000         0.000
 BIN_3          1.000         0.000         0.000         0.000         0.000
 BIN_4          0.000         1.000         0.000         0.000         0.000
 BIN_5          1.000         0.000         0.000         0.000         0.000
 BIN_6          1.000         0.000         0.000         0.000         0.000
 BIN_7          1.000         0.000         0.000         0.000         0.000
 BIN_8          1.000         0.000         0.000         0.000         0.000
 BIN_9          1.000         0.000         0.000         0.000         0.000
 BIN_10         1.000         0.000         0.000         0.000         0.000
 BIN_11         1.000         0.000         0.000         0.000         0.000
 BIN_12         1.000         0.000         0.000         0.000         0.000
 AGECENT        0.000         0.000         1.000         0.000         0.000
 GENEFF         0.000         0.000         0.000         1.000         0.000
 STUDYEFF       0.000         0.000         0.000         0.000         1.000


           THETA
              BIN_1         BIN_2         BIN_3         BIN_4         BIN_5
              ________      ________      ________      ________      ________
 BIN_1          1.000
 BIN_2          0.000         1.000
 BIN_3          0.000         0.000         1.000
 BIN_4          0.000         0.000         0.000         0.000
 BIN_5          0.000         0.000         0.000         0.000         1.000
 BIN_6          0.000         0.000         0.000         0.000         0.000
 BIN_7          0.000         0.000         0.000         0.000         0.000
 BIN_8          0.000         0.000         0.000         0.000         0.000
 BIN_9          0.000         0.000         0.000         0.000         0.000
 BIN_10         0.000         0.000         0.000         0.000         0.000
 BIN_11         0.000         0.000         0.000         0.000         0.000
 BIN_12         0.000         0.000         0.000         0.000         0.000
 AGECENT        0.000         0.000         0.000         0.000         0.000
 GENEFF         0.000         0.000         0.000         0.000         0.000
 STUDYEFF       0.000         0.000         0.000         0.000         0.000


           THETA
              BIN_6         BIN_7         BIN_8         BIN_9         BIN_10
              ________      ________      ________      ________      ________
 BIN_6          1.000
 BIN_7          0.000         1.000
 BIN_8          0.000         0.000         1.000
 BIN_9          0.000         0.000         0.000         1.000
 BIN_10         0.000         0.000         0.000         0.000         1.000
 BIN_11         0.000         0.000         0.000         0.000         0.000
 BIN_12         0.000         0.000         0.000         0.000         0.000
 AGECENT        0.000         0.000         0.000         0.000         0.000
 GENEFF         0.000         0.000         0.000         0.000         0.000
 STUDYEFF       0.000         0.000         0.000         0.000         0.000


           THETA
              BIN_11        BIN_12        AGECENT       GENEFF        STUDYEFF
              ________      ________      ________      ________      ________
 BIN_11         1.000
 BIN_12         0.000         1.000
 AGECENT        0.000         0.000         0.000
 GENEFF         0.000         0.000         0.000         0.000
 STUDYEFF       0.000         0.000         0.000         0.000         0.000


           ALPHA
              ETA           BIN_4         AGECENT       GENEFF        STUDYEFF
              ________      ________      ________      ________      ________
 1              0.000         0.000         0.000         0.000         0.000


           BETA
              ETA           BIN_4         AGECENT       GENEFF        STUDYEFF
              ________      ________      ________      ________      ________
 ETA            0.000         0.000         0.000         0.000         0.000
 BIN_4          1.000         0.000         0.000         0.000         0.000
 AGECENT        0.000         0.000         0.000         0.000         0.000
 GENEFF         0.000         0.000         0.000         0.000         0.000
 STUDYEFF       0.000         0.000         0.000         0.000         0.000


           PSI
              ETA           BIN_4         AGECENT       GENEFF        STUDYEFF
              ________      ________      ________      ________      ________
 ETA            1.000
 BIN_4          0.000         1.000
 AGECENT        0.000         0.000         1.091
 GENEFF         0.000         0.000         0.000         0.500
 STUDYEFF       0.000         0.000         0.000         0.000         0.500


     STARTING VALUES FOR THE ADDITIONAL PARAMETERS


           NEW/ADDITIONAL PARAMETERS
              L4_00         L4_1          L4_2          L4_3
              ________      ________      ________      ________
 1              1.000         0.000         0.000         0.000


     Beginning Time:  18:38:08
        Ending Time:  18:38:29
       Elapsed Time:  00:00:21



MUTHEN & MUTHEN
3463 Stoner Ave.
Los Angeles, CA  90066

Tel: (310) 391-9971
Fax: (310) 391-8971
Web: www.StatModel.com
Support: Support@StatModel.com

Copyright (c) 1998-2015 Muthen & Muthen
