Mplus VERSION 7.2
MUTHEN & MUTHEN
03/26/2018   3:11 PM

INPUT INSTRUCTIONS

  TITLE: Scoring Model
  DATA: FILE = "c:/Users/vcole/Dropbox/aMNLFA/MG aMNLFA testing/full.dat";
  VARIABLE:
  NAMES = ID BIN_1 BIN_2 BIN_3 BIN_4 BIN_5 BIN_6 BIN_7 BIN_8 BIN_9 BIN_10 BIN_11
       BIN_12 AGE GENDER STUDY;
  MISSING=.;
  !
  !
  !
  USEVARIABLES= BIN_1 BIN_2 BIN_3 BIN_4 BIN_5 BIN_6 BIN_7 BIN_8 BIN_9 BIN_10 BIN_11 BIN_12
   AGE STUDY GENDER;
  AUXILIARY=ID;
  !
  CATEGORICAL= BIN_1 BIN_2 BIN_3 BIN_4 BIN_5 BIN_6 BIN_7 BIN_8 BIN_9 BIN_10 BIN_11 BIN_12 ;
  !
  CONSTRAINT= AGE ;
  ANALYSIS: ESTIMATOR=ML;ALGORITHM=INTEGRATION;INTEGRATION=MONTECARLO;PROCESSORS=4;
  MODEL: [ETA@0];ETA*(veta);
  ETA BY BIN_1 @0.868;
  ETA BY BIN_2 @1.422;
  ETA BY BIN_3 @1.227;
  ETA BY BIN_4 @1.985;
  ETA BY BIN_5 @1.992;
  ETA BY BIN_6 @2.039;
  ETA BY BIN_7 @0.763;
  ETA BY BIN_8 @1.182;
  ETA BY BIN_9 @1.291;
  ETA BY BIN_10 @1.524;
  ETA BY BIN_11 @1.996;
  ETA BY BIN_12 @2.218;
  ETA ON AGE@0.44;
  ETA ON STUDY@0.631;
  BIN_2 ON GENDER@-1.027;
  BIN_2 ON STUDY@0.873;
  BIN_3 ON GENDER@1.009;
  BIN_3 ON STUDY@1.507;
  BIN_5 ON GENDER@-1.287;
  BIN_5 ON STUDY@1.506;
  [BIN_1$1@0.567];
  [BIN_2$1@1.014];
  [BIN_3$1@1.279];
  [BIN_4$1@1.643];
  [BIN_5$1@2.05];
  [BIN_6$1@2.405];
  [BIN_7$1@0.328];
  [BIN_8$1@0.877];
  [BIN_9$1@1.037];
  [BIN_10$1@1.324];
  [BIN_11$1@1.836];
  [BIN_12$1@2.312];
  MODEL CONSTRAINT:
  veta=1*exp(
  0.165*AGE+
  0);
  !
  !
  OUTPUT: tech1;
  SAVEDATA: SAVE=FSCORES; FILE=scores.dat; format=free;



INPUT READING TERMINATED NORMALLY



Scoring Model

SUMMARY OF ANALYSIS

Number of groups                                                 1
Number of observations                                         500

Number of dependent variables                                   12
Number of independent variables                                  3
Number of continuous latent variables                            1

Observed dependent variables

  Binary and ordered categorical (ordinal)
   BIN_1       BIN_2       BIN_3       BIN_4       BIN_5       BIN_6
   BIN_7       BIN_8       BIN_9       BIN_10      BIN_11      BIN_12

Observed independent variables
   AGE         STUDY       GENDER

Observed auxiliary variables
   ID

Continuous latent variables
   ETA


Estimator                                                       ML
Information matrix                                        OBSERVED
Optimization Specifications for the Quasi-Newton Algorithm for
Continuous Outcomes
  Maximum number of iterations                                 100
  Convergence criterion                                  0.100D-05
Optimization Specifications for the EM Algorithm
  Maximum number of iterations                                 500
  Convergence criteria
    Loglikelihood change                                 0.100D-02
    Relative loglikelihood change                        0.100D-05
    Derivative                                           0.100D-02
Optimization Specifications for the M step of the EM Algorithm for
Categorical Latent variables
  Number of M step iterations                                    1
  M step convergence criterion                           0.100D-02
  Basis for M step termination                           ITERATION
Optimization Specifications for the M step of the EM Algorithm for
Censored, Binary or Ordered Categorical (Ordinal), Unordered
Categorical (Nominal) and Count Outcomes
  Number of M step iterations                                    1
  M step convergence criterion                           0.100D-02
  Basis for M step termination                           ITERATION
  Maximum value for logit thresholds                            15
  Minimum value for logit thresholds                           -15
  Minimum expected cell size for chi-square              0.100D-01
Maximum number of iterations for H1                           2000
Convergence criterion for H1                             0.100D-03
Optimization algorithm                                         EMA
Integration Specifications
  Type                                                  MONTECARLO
  Number of integration points                                 100
  Dimensions of numerical integration                            1
  Adaptive quadrature                                           ON
  Monte Carlo integration seed                                   0
Link                                                         LOGIT
Cholesky                                                        ON

Input data file(s)
  c:/Users/vcole/Dropbox/aMNLFA/MG aMNLFA testing/full.dat
Input data format  FREE


SUMMARY OF DATA

     Number of missing data patterns             1


COVARIANCE COVERAGE OF DATA

Minimum covariance coverage value   0.100


UNIVARIATE PROPORTIONS AND COUNTS FOR CATEGORICAL VARIABLES

    BIN_1
      Category 1    0.634      317.000
      Category 2    0.366      183.000
    BIN_2
      Category 1    0.670      335.000
      Category 2    0.330      165.000
    BIN_3
      Category 1    0.638      319.000
      Category 2    0.362      181.000
    BIN_4
      Category 1    0.738      369.000
      Category 2    0.262      131.000
    BIN_5
      Category 1    0.740      370.000
      Category 2    0.260      130.000
    BIN_6
      Category 1    0.810      405.000
      Category 2    0.190       95.000
    BIN_7
      Category 1    0.588      294.000
      Category 2    0.412      206.000
    BIN_8
      Category 1    0.678      339.000
      Category 2    0.322      161.000
    BIN_9
      Category 1    0.698      349.000
      Category 2    0.302      151.000
    BIN_10
      Category 1    0.726      363.000
      Category 2    0.274      137.000
    BIN_11
      Category 1    0.758      379.000
      Category 2    0.242      121.000
    BIN_12
      Category 1    0.790      395.000
      Category 2    0.210      105.000



THE MODEL ESTIMATION TERMINATED NORMALLY



MODEL FIT INFORMATION

Number of Free Parameters                        0

Loglikelihood

          H0 Value                       -2746.018

Information Criteria

          Akaike (AIC)                    5492.036
          Bayesian (BIC)                  5492.036
          Sample-Size Adjusted BIC        5492.036
            (n* = (n + 2) / 24)



MODEL RESULTS

                                                    Two-Tailed
                    Estimate       S.E.  Est./S.E.    P-Value

 ETA      BY
    BIN_1              0.868      0.000    999.000    999.000
    BIN_2              1.422      0.000    999.000    999.000
    BIN_3              1.227      0.000    999.000    999.000
    BIN_4              1.985      0.000    999.000    999.000
    BIN_5              1.992      0.000    999.000    999.000
    BIN_6              2.039      0.000    999.000    999.000
    BIN_7              0.763      0.000    999.000    999.000
    BIN_8              1.182      0.000    999.000    999.000
    BIN_9              1.291      0.000    999.000    999.000
    BIN_10             1.524      0.000    999.000    999.000
    BIN_11             1.996      0.000    999.000    999.000
    BIN_12             2.218      0.000    999.000    999.000

 ETA        ON
    AGE                0.440      0.000    999.000    999.000
    STUDY              0.631      0.000    999.000    999.000

 BIN_2      ON
    GENDER            -1.027      0.000    999.000    999.000
    STUDY              0.873      0.000    999.000    999.000

 BIN_3      ON
    GENDER             1.009      0.000    999.000    999.000
    STUDY              1.507      0.000    999.000    999.000

 BIN_5      ON
    GENDER            -1.287      0.000    999.000    999.000
    STUDY              1.506      0.000    999.000    999.000

 Intercepts
    ETA                0.000      0.000    999.000    999.000

 Thresholds
    BIN_1$1            0.567      0.000    999.000    999.000
    BIN_2$1            1.014      0.000    999.000    999.000
    BIN_3$1            1.279      0.000    999.000    999.000
    BIN_4$1            1.643      0.000    999.000    999.000
    BIN_5$1            2.050      0.000    999.000    999.000
    BIN_6$1            2.405      0.000    999.000    999.000
    BIN_7$1            0.328      0.000    999.000    999.000
    BIN_8$1            0.877      0.000    999.000    999.000
    BIN_9$1            1.037      0.000    999.000    999.000
    BIN_10$1           1.324      0.000    999.000    999.000
    BIN_11$1           1.836      0.000    999.000    999.000
    BIN_12$1           2.312      0.000    999.000    999.000

 Residual Variances
    ETA              999.000      0.000    999.000    999.000


LOGISTIC REGRESSION ODDS RATIO RESULTS

 BIN_2      ON
    GENDER             0.358
    STUDY              2.394

 BIN_3      ON
    GENDER             2.743
    STUDY              4.513

 BIN_5      ON
    GENDER             0.276
    STUDY              4.509


QUALITY OF NUMERICAL RESULTS

     Condition Number for the Information Matrix              0.100E+01
       (ratio of smallest to largest eigenvalue)


TECHNICAL 1 OUTPUT


     PARAMETER SPECIFICATION


           TAU
              BIN_1$1       BIN_2$1       BIN_3$1       BIN_4$1       BIN_5$1
              ________      ________      ________      ________      ________
 1                  0             0             0             0             0


           TAU
              BIN_6$1       BIN_7$1       BIN_8$1       BIN_9$1       BIN_10$1
              ________      ________      ________      ________      ________
 1                  0             0             0             0             0


           TAU
              BIN_11$1      BIN_12$1
              ________      ________
 1                  0             0


           NU
              BIN_1         BIN_2         BIN_3         BIN_4         BIN_5
              ________      ________      ________      ________      ________
 1                  0             0             0             0             0


           NU
              BIN_6         BIN_7         BIN_8         BIN_9         BIN_10
              ________      ________      ________      ________      ________
 1                  0             0             0             0             0


           NU
              BIN_11        BIN_12        AGE           STUDY         GENDER
              ________      ________      ________      ________      ________
 1                  0             0             0             0             0


           LAMBDA
              ETA           BIN_2         BIN_3         BIN_5         AGE
              ________      ________      ________      ________      ________
 BIN_1              0             0             0             0             0
 BIN_2              0             0             0             0             0
 BIN_3              0             0             0             0             0
 BIN_4              0             0             0             0             0
 BIN_5              0             0             0             0             0
 BIN_6              0             0             0             0             0
 BIN_7              0             0             0             0             0
 BIN_8              0             0             0             0             0
 BIN_9              0             0             0             0             0
 BIN_10             0             0             0             0             0
 BIN_11             0             0             0             0             0
 BIN_12             0             0             0             0             0
 AGE                0             0             0             0             0
 STUDY              0             0             0             0             0
 GENDER             0             0             0             0             0


           LAMBDA
              STUDY         GENDER
              ________      ________
 BIN_1              0             0
 BIN_2              0             0
 BIN_3              0             0
 BIN_4              0             0
 BIN_5              0             0
 BIN_6              0             0
 BIN_7              0             0
 BIN_8              0             0
 BIN_9              0             0
 BIN_10             0             0
 BIN_11             0             0
 BIN_12             0             0
 AGE                0             0
 STUDY              0             0
 GENDER             0             0


           THETA
              BIN_1         BIN_2         BIN_3         BIN_4         BIN_5
              ________      ________      ________      ________      ________
 BIN_1              0
 BIN_2              0             0
 BIN_3              0             0             0
 BIN_4              0             0             0             0
 BIN_5              0             0             0             0             0
 BIN_6              0             0             0             0             0
 BIN_7              0             0             0             0             0
 BIN_8              0             0             0             0             0
 BIN_9              0             0             0             0             0
 BIN_10             0             0             0             0             0
 BIN_11             0             0             0             0             0
 BIN_12             0             0             0             0             0
 AGE                0             0             0             0             0
 STUDY              0             0             0             0             0
 GENDER             0             0             0             0             0


           THETA
              BIN_6         BIN_7         BIN_8         BIN_9         BIN_10
              ________      ________      ________      ________      ________
 BIN_6              0
 BIN_7              0             0
 BIN_8              0             0             0
 BIN_9              0             0             0             0
 BIN_10             0             0             0             0             0
 BIN_11             0             0             0             0             0
 BIN_12             0             0             0             0             0
 AGE                0             0             0             0             0
 STUDY              0             0             0             0             0
 GENDER             0             0             0             0             0


           THETA
              BIN_11        BIN_12        AGE           STUDY         GENDER
              ________      ________      ________      ________      ________
 BIN_11             0
 BIN_12             0             0
 AGE                0             0             0
 STUDY              0             0             0             0
 GENDER             0             0             0             0             0


           ALPHA
              ETA           BIN_2         BIN_3         BIN_5         AGE
              ________      ________      ________      ________      ________
 1                  0             0             0             0             0


           ALPHA
              STUDY         GENDER
              ________      ________
 1                  0             0


           BETA
              ETA           BIN_2         BIN_3         BIN_5         AGE
              ________      ________      ________      ________      ________
 ETA                0             0             0             0             0
 BIN_2              0             0             0             0             0
 BIN_3              0             0             0             0             0
 BIN_5              0             0             0             0             0
 AGE                0             0             0             0             0
 STUDY              0             0             0             0             0
 GENDER             0             0             0             0             0


           BETA
              STUDY         GENDER
              ________      ________
 ETA                0             0
 BIN_2              0             0
 BIN_3              0             0
 BIN_5              0             0
 AGE                0             0
 STUDY              0             0
 GENDER             0             0


           PSI
              ETA           BIN_2         BIN_3         BIN_5         AGE
              ________      ________      ________      ________      ________
 ETA                1
 BIN_2              0             0
 BIN_3              0             0             0
 BIN_5              0             0             0             0
 AGE                0             0             0             0             0
 STUDY              0             0             0             0             0
 GENDER             0             0             0             0             0


           PSI
              STUDY         GENDER
              ________      ________
 STUDY              0
 GENDER             0             0


     STARTING VALUES


           TAU
              BIN_1$1       BIN_2$1       BIN_3$1       BIN_4$1       BIN_5$1
              ________      ________      ________      ________      ________
 1              0.567         1.014         1.279         1.643         2.050


           TAU
              BIN_6$1       BIN_7$1       BIN_8$1       BIN_9$1       BIN_10$1
              ________      ________      ________      ________      ________
 1              2.405         0.328         0.877         1.037         1.324


           TAU
              BIN_11$1      BIN_12$1
              ________      ________
 1              1.836         2.312


           NU
              BIN_1         BIN_2         BIN_3         BIN_4         BIN_5
              ________      ________      ________      ________      ________
 1              0.000         0.000         0.000         0.000         0.000


           NU
              BIN_6         BIN_7         BIN_8         BIN_9         BIN_10
              ________      ________      ________      ________      ________
 1              0.000         0.000         0.000         0.000         0.000


           NU
              BIN_11        BIN_12        AGE           STUDY         GENDER
              ________      ________      ________      ________      ________
 1              0.000         0.000         0.000         0.000         0.000


           LAMBDA
              ETA           BIN_2         BIN_3         BIN_5         AGE
              ________      ________      ________      ________      ________
 BIN_1          0.868         0.000         0.000         0.000         0.000
 BIN_2          0.000         1.000         0.000         0.000         0.000
 BIN_3          0.000         0.000         1.000         0.000         0.000
 BIN_4          1.985         0.000         0.000         0.000         0.000
 BIN_5          0.000         0.000         0.000         1.000         0.000
 BIN_6          2.039         0.000         0.000         0.000         0.000
 BIN_7          0.763         0.000         0.000         0.000         0.000
 BIN_8          1.182         0.000         0.000         0.000         0.000
 BIN_9          1.291         0.000         0.000         0.000         0.000
 BIN_10         1.524         0.000         0.000         0.000         0.000
 BIN_11         1.996         0.000         0.000         0.000         0.000
 BIN_12         2.218         0.000         0.000         0.000         0.000
 AGE            0.000         0.000         0.000         0.000         1.000
 STUDY          0.000         0.000         0.000         0.000         0.000
 GENDER         0.000         0.000         0.000         0.000         0.000


           LAMBDA
              STUDY         GENDER
              ________      ________
 BIN_1          0.000         0.000
 BIN_2          0.000         0.000
 BIN_3          0.000         0.000
 BIN_4          0.000         0.000
 BIN_5          0.000         0.000
 BIN_6          0.000         0.000
 BIN_7          0.000         0.000
 BIN_8          0.000         0.000
 BIN_9          0.000         0.000
 BIN_10         0.000         0.000
 BIN_11         0.000         0.000
 BIN_12         0.000         0.000
 AGE            0.000         0.000
 STUDY          1.000         0.000
 GENDER         0.000         1.000


           THETA
              BIN_1         BIN_2         BIN_3         BIN_4         BIN_5
              ________      ________      ________      ________      ________
 BIN_1          1.000
 BIN_2          0.000         0.000
 BIN_3          0.000         0.000         0.000
 BIN_4          0.000         0.000         0.000         1.000
 BIN_5          0.000         0.000         0.000         0.000         0.000
 BIN_6          0.000         0.000         0.000         0.000         0.000
 BIN_7          0.000         0.000         0.000         0.000         0.000
 BIN_8          0.000         0.000         0.000         0.000         0.000
 BIN_9          0.000         0.000         0.000         0.000         0.000
 BIN_10         0.000         0.000         0.000         0.000         0.000
 BIN_11         0.000         0.000         0.000         0.000         0.000
 BIN_12         0.000         0.000         0.000         0.000         0.000
 AGE            0.000         0.000         0.000         0.000         0.000
 STUDY          0.000         0.000         0.000         0.000         0.000
 GENDER         0.000         0.000         0.000         0.000         0.000


           THETA
              BIN_6         BIN_7         BIN_8         BIN_9         BIN_10
              ________      ________      ________      ________      ________
 BIN_6          1.000
 BIN_7          0.000         1.000
 BIN_8          0.000         0.000         1.000
 BIN_9          0.000         0.000         0.000         1.000
 BIN_10         0.000         0.000         0.000         0.000         1.000
 BIN_11         0.000         0.000         0.000         0.000         0.000
 BIN_12         0.000         0.000         0.000         0.000         0.000
 AGE            0.000         0.000         0.000         0.000         0.000
 STUDY          0.000         0.000         0.000         0.000         0.000
 GENDER         0.000         0.000         0.000         0.000         0.000


           THETA
              BIN_11        BIN_12        AGE           STUDY         GENDER
              ________      ________      ________      ________      ________
 BIN_11         1.000
 BIN_12         0.000         1.000
 AGE            0.000         0.000         0.000
 STUDY          0.000         0.000         0.000         0.000
 GENDER         0.000         0.000         0.000         0.000         0.000


           ALPHA
              ETA           BIN_2         BIN_3         BIN_5         AGE
              ________      ________      ________      ________      ________
 1              0.000         0.000         0.000         0.000         0.000


           ALPHA
              STUDY         GENDER
              ________      ________
 1              0.000         0.000


           BETA
              ETA           BIN_2         BIN_3         BIN_5         AGE
              ________      ________      ________      ________      ________
 ETA            0.000         0.000         0.000         0.000         0.440
 BIN_2          1.422         0.000         0.000         0.000         0.000
 BIN_3          1.227         0.000         0.000         0.000         0.000
 BIN_5          1.992         0.000         0.000         0.000         0.000
 AGE            0.000         0.000         0.000         0.000         0.000
 STUDY          0.000         0.000         0.000         0.000         0.000
 GENDER         0.000         0.000         0.000         0.000         0.000


           BETA
              STUDY         GENDER
              ________      ________
 ETA            0.631         0.000
 BIN_2          0.873        -1.027
 BIN_3          1.507         1.009
 BIN_5          1.506        -1.287
 AGE            0.000         0.000
 STUDY          0.000         0.000
 GENDER         0.000         0.000


           PSI
              ETA           BIN_2         BIN_3         BIN_5         AGE
              ________      ________      ________      ________      ________
 ETA            0.050
 BIN_2          0.000         1.000
 BIN_3          0.000         0.000         1.000
 BIN_5          0.000         0.000         0.000         1.000
 AGE            0.000         0.000         0.000         0.000         1.091
 STUDY          0.000         0.000         0.000         0.000         0.000
 GENDER         0.000         0.000         0.000         0.000         0.000


           PSI
              STUDY         GENDER
              ________      ________
 STUDY          0.500
 GENDER         0.000         0.500


SAMPLE STATISTICS FOR ESTIMATED FACTOR SCORES


     SAMPLE STATISTICS


           Means
              ETA           ETA_SE
              ________      ________
 1             -0.116         0.517


           Covariances
              ETA           ETA_SE
              ________      ________
 ETA            1.122
 ETA_SE        -0.106         0.017


           Correlations
              ETA           ETA_SE
              ________      ________
 ETA            1.000
 ETA_SE        -0.771         1.000


SAVEDATA INFORMATION


  Save file
    scores.dat

  Order of variables

    BIN_1
    BIN_2
    BIN_3
    BIN_4
    BIN_5
    BIN_6
    BIN_7
    BIN_8
    BIN_9
    BIN_10
    BIN_11
    BIN_12
    AGE
    STUDY
    GENDER
    ID
    ETA
    ETA_SE

  Save file format           Free

  Save file record length    10000


DIAGRAM INFORMATION

  Use View Diagram under the Diagram menu in the Mplus Editor to view the diagram.
  If running Mplus from the Mplus Diagrammer, the diagram opens automatically.

  Diagram output
    c:\users\vcole\dropbox\amnlfa_12212017\amnlfa\inst\examplefiles\scoring.dgm

     Beginning Time:  15:11:15
        Ending Time:  15:11:16
       Elapsed Time:  00:00:01



MUTHEN & MUTHEN
3463 Stoner Ave.
Los Angeles, CA  90066

Tel: (310) 391-9971
Fax: (310) 391-8971
Web: www.StatModel.com
Support: Support@StatModel.com

Copyright (c) 1998-2014 Muthen & Muthen
